2019-08-06 20:45:23.674+0000 WARN [o.n.i.p.PageCache] The dbms.memory.pagecache.size setting has not been configured. It is recommended that this setting is always explicitly configured, to ensure the system has a balanced configuration. Until then, a computed heuristic value of 13094543360 bytes will be used instead. Run `neo4j-admin memrec` for memory configuration suggestions.
2019-08-06 20:45:24.755+0000 INFO [o.n.k.i.f.CommunityEditionModule] No locking implementation specified, defaulting to 'community'
2019-08-06 20:45:25.070+0000 INFO [o.n.k.AvailabilityGuard] Requirement makes database unavailable: Database available
2019-08-06 20:45:25.104+0000 INFO [o.n.k.i.DiagnosticsManager] --- INITIALIZED diagnostics START ---
2019-08-06 20:45:25.104+0000 INFO [o.n.k.i.DiagnosticsManager] Neo4j Kernel properties:
2019-08-06 20:45:25.104+0000 INFO [o.n.k.i.DiagnosticsManager] unsupported.dbms.directories.neo4j_home=D:\GitHub\Neo4J-Java-App\data\people
2019-08-06 20:45:25.104+0000 INFO [o.n.k.i.DiagnosticsManager] unsupported.dbms.edition=community
2019-08-06 20:45:25.104+0000 INFO [o.n.k.i.DiagnosticsManager] unsupported.dbms.ephemeral=false
2019-08-06 20:45:25.104+0000 INFO [o.n.k.i.DiagnosticsManager] Diagnostics providers:
2019-08-06 20:45:25.104+0000 INFO [o.n.k.i.DiagnosticsManager] org.neo4j.kernel.configuration.Config
2019-08-06 20:45:25.104+0000 INFO [o.n.k.i.DiagnosticsManager] org.neo4j.kernel.info.DiagnosticsManager
2019-08-06 20:45:25.104+0000 INFO [o.n.k.i.DiagnosticsManager] SYSTEM_MEMORY
2019-08-06 20:45:25.104+0000 INFO [o.n.k.i.DiagnosticsManager] JAVA_MEMORY
2019-08-06 20:45:25.104+0000 INFO [o.n.k.i.DiagnosticsManager] OPERATING_SYSTEM
2019-08-06 20:45:25.105+0000 INFO [o.n.k.i.DiagnosticsManager] JAVA_VIRTUAL_MACHINE
2019-08-06 20:45:25.105+0000 INFO [o.n.k.i.DiagnosticsManager] CLASSPATH
2019-08-06 20:45:25.105+0000 INFO [o.n.k.i.DiagnosticsManager] LIBRARY_PATH
2019-08-06 20:45:25.105+0000 INFO [o.n.k.i.DiagnosticsManager] SYSTEM_PROPERTIES
2019-08-06 20:45:25.105+0000 INFO [o.n.k.i.DiagnosticsManager] TIMEZONE_DATABASE
2019-08-06 20:45:25.105+0000 INFO [o.n.k.i.DiagnosticsManager] NETWORK
2019-08-06 20:45:25.105+0000 INFO [o.n.k.i.DiagnosticsManager] System memory information:
2019-08-06 20:45:25.109+0000 INFO [o.n.k.i.DiagnosticsManager] Total Physical memory: 31.36 GB
2019-08-06 20:45:25.110+0000 INFO [o.n.k.i.DiagnosticsManager] Free Physical memory: 17.11 GB
2019-08-06 20:45:25.110+0000 INFO [o.n.k.i.DiagnosticsManager] Committed virtual memory: 903.03 MB
2019-08-06 20:45:25.110+0000 INFO [o.n.k.i.DiagnosticsManager] Total swap space: 43.36 GB
2019-08-06 20:45:25.110+0000 INFO [o.n.k.i.DiagnosticsManager] Free swap space: 19.81 GB
2019-08-06 20:45:25.110+0000 INFO [o.n.k.i.DiagnosticsManager] JVM memory information:
2019-08-06 20:45:25.110+0000 INFO [o.n.k.i.DiagnosticsManager] Free  memory: 387.80 MB
2019-08-06 20:45:25.110+0000 INFO [o.n.k.i.DiagnosticsManager] Total memory: 481.50 MB
2019-08-06 20:45:25.110+0000 INFO [o.n.k.i.DiagnosticsManager] Max   memory: 6.97 GB
2019-08-06 20:45:25.112+0000 INFO [o.n.k.i.DiagnosticsManager] Garbage Collector: PS Scavenge: [PS Eden Space, PS Survivor Space]
2019-08-06 20:45:25.112+0000 INFO [o.n.k.i.DiagnosticsManager] Garbage Collector: PS MarkSweep: [PS Eden Space, PS Survivor Space, PS Old Gen]
2019-08-06 20:45:25.112+0000 INFO [o.n.k.i.DiagnosticsManager] Memory Pool: Code Cache (Non-heap memory): committed=5.25 MB, used=5.22 MB, max=240.00 MB, threshold=0.00 B
2019-08-06 20:45:25.113+0000 INFO [o.n.k.i.DiagnosticsManager] Memory Pool: Metaspace (Non-heap memory): committed=14.88 MB, used=13.96 MB, max=-1.00 B, threshold=0.00 B
2019-08-06 20:45:25.113+0000 INFO [o.n.k.i.DiagnosticsManager] Memory Pool: Compressed Class Space (Non-heap memory): committed=2.13 MB, used=1.83 MB, max=1.00 GB, threshold=0.00 B
2019-08-06 20:45:25.113+0000 INFO [o.n.k.i.DiagnosticsManager] Memory Pool: PS Eden Space (Heap memory): committed=126.00 MB, used=93.70 MB, max=2.57 GB, threshold=?
2019-08-06 20:45:25.113+0000 INFO [o.n.k.i.DiagnosticsManager] Memory Pool: PS Survivor Space (Heap memory): committed=20.50 MB, used=0.00 B, max=20.50 MB, threshold=?
2019-08-06 20:45:25.113+0000 INFO [o.n.k.i.DiagnosticsManager] Memory Pool: PS Old Gen (Heap memory): committed=335.00 MB, used=0.00 B, max=5.23 GB, threshold=0.00 B
2019-08-06 20:45:25.114+0000 INFO [o.n.k.i.DiagnosticsManager] Operating system information:
2019-08-06 20:45:25.115+0000 INFO [o.n.k.i.DiagnosticsManager] Operating System: Windows 10; version: 10.0; arch: amd64; cpus: 12
2019-08-06 20:45:25.129+0000 INFO [o.n.k.i.DiagnosticsManager] Process id: 22332@SearThinkPad-P1
2019-08-06 20:45:25.129+0000 INFO [o.n.k.i.DiagnosticsManager] Byte order: LITTLE_ENDIAN
2019-08-06 20:45:25.131+0000 INFO [o.n.k.i.DiagnosticsManager] Local timezone: America/Denver
2019-08-06 20:45:25.131+0000 INFO [o.n.k.i.DiagnosticsManager] JVM information:
2019-08-06 20:45:25.131+0000 INFO [o.n.k.i.DiagnosticsManager] VM Name: Java HotSpot(TM) 64-Bit Server VM
2019-08-06 20:45:25.131+0000 INFO [o.n.k.i.DiagnosticsManager] VM Vendor: Oracle Corporation
2019-08-06 20:45:25.132+0000 INFO [o.n.k.i.DiagnosticsManager] VM Version: 25.201-b09
2019-08-06 20:45:25.132+0000 INFO [o.n.k.i.DiagnosticsManager] JIT compiler: HotSpot 64-Bit Tiered Compilers
2019-08-06 20:45:25.132+0000 INFO [o.n.k.i.DiagnosticsManager] VM Arguments: [-javaagent:C:\Users\Searjasub Lopez\AppData\Local\JetBrains\Toolbox\apps\IDEA-U\ch-0\192.5728.98\lib\idea_rt.jar=55314:C:\Users\Searjasub Lopez\AppData\Local\JetBrains\Toolbox\apps\IDEA-U\ch-0\192.5728.98\bin, -Dfile.encoding=UTF-8]
2019-08-06 20:45:25.132+0000 INFO [o.n.k.i.DiagnosticsManager] Java classpath:
2019-08-06 20:45:25.155+0000 INFO [o.n.k.i.DiagnosticsManager]  [classpath] C:\Users\Searjasub Lopez\.m2\repository\org\apache\lucene\lucene-core\5.5.5\lucene-core-5.5.5.jar
2019-08-06 20:45:25.156+0000 INFO [o.n.k.i.DiagnosticsManager]  [loader.0] file:/C:/Users/Searjasub%20Lopez/.m2/repository/org/apache/commons/commons-lang3/3.7/commons-lang3-3.7.jar
2019-08-06 20:45:25.156+0000 INFO [o.n.k.i.DiagnosticsManager]  [classpath] C:\Users\Searjasub Lopez\.m2\repository\org\apache\lucene\lucene-queryparser\5.5.5\lucene-queryparser-5.5.5.jar
2019-08-06 20:45:25.156+0000 INFO [o.n.k.i.DiagnosticsManager]  [classpath] C:\Users\Searjasub Lopez\.m2\repository\org\neo4j\neo4j-cypher\3.4.6\neo4j-cypher-3.4.6.jar
2019-08-06 20:45:25.156+0000 INFO [o.n.k.i.DiagnosticsManager]  [classpath] C:\Users\Searjasub Lopez\.m2\repository\org\neo4j\neo4j-cypher-expression-3.4\3.4.6\neo4j-cypher-expression-3.4-3.4.6.jar
2019-08-06 20:45:25.156+0000 INFO [o.n.k.i.DiagnosticsManager]  [classpath] C:\Users\Searjasub Lopez\.m2\repository\org\apache\lucene\lucene-analyzers-common\5.5.5\lucene-analyzers-common-5.5.5.jar
2019-08-06 20:45:25.156+0000 INFO [o.n.k.i.DiagnosticsManager]  [classpath] C:\Users\Searjasub Lopez\.m2\repository\org\ow2\asm\asm-util\6.2\asm-util-6.2.jar
2019-08-06 20:45:25.156+0000 INFO [o.n.k.i.DiagnosticsManager]  [classpath] C:\Users\Searjasub Lopez\.m2\repository\org\neo4j\neo4j-dbms\3.4.6\neo4j-dbms-3.4.6.jar
2019-08-06 20:45:25.156+0000 INFO [o.n.k.i.DiagnosticsManager]  [loader.0] file:/C:/Users/Searjasub%20Lopez/.m2/repository/org/objenesis/objenesis/2.6/objenesis-2.6.jar
2019-08-06 20:45:25.156+0000 INFO [o.n.k.i.DiagnosticsManager]  [classpath] C:\Users\Searjasub Lopez\.m2\repository\org\parboiled\parboiled-core\1.1.7\parboiled-core-1.1.7.jar
2019-08-06 20:45:25.156+0000 INFO [o.n.k.i.DiagnosticsManager]  [classpath] C:\Users\Searjasub Lopez\.m2\repository\org\neo4j\neo4j-cypher-frontend-3.3\3.3.6\neo4j-cypher-frontend-3.3-3.3.6.jar
2019-08-06 20:45:25.156+0000 INFO [o.n.k.i.DiagnosticsManager]  [classpath] C:\Users\Searjasub Lopez\.m2\repository\org\neo4j\neo4j-cypher-frontend-3.1\3.1.9\neo4j-cypher-frontend-3.1-3.1.9.jar
2019-08-06 20:45:25.156+0000 INFO [o.n.k.i.DiagnosticsManager]  [classpath] C:\Users\Searjasub Lopez\.m2\repository\org\apache\commons\commons-text\1.3\commons-text-1.3.jar
2019-08-06 20:45:25.156+0000 INFO [o.n.k.i.DiagnosticsManager]  [loader.0] file:/C:/Users/Searjasub%20Lopez/.m2/repository/org/apache/commons/commons-compress/1.16.1/commons-compress-1.16.1.jar
2019-08-06 20:45:25.156+0000 INFO [o.n.k.i.DiagnosticsManager]  [loader.0] file:/C:/Users/Searjasub%20Lopez/.m2/repository/org/neo4j/neo4j/3.4.6/neo4j-3.4.6.jar
2019-08-06 20:45:25.156+0000 INFO [o.n.k.i.DiagnosticsManager]  [classpath] C:\Users\Searjasub Lopez\.m2\repository\org\bouncycastle\bcpkix-jdk15on\1.59\bcpkix-jdk15on-1.59.jar
2019-08-06 20:45:25.156+0000 INFO [o.n.k.i.DiagnosticsManager]  [loader.0] file:/C:/Program%20Files/Java/jdk1.8.0_201/jre/lib/deploy.jar
2019-08-06 20:45:25.156+0000 INFO [o.n.k.i.DiagnosticsManager]  [bootstrap + classpath] C:\Program Files\Java\jdk1.8.0_201\jre\lib\charsets.jar
2019-08-06 20:45:25.157+0000 INFO [o.n.k.i.DiagnosticsManager]  [loader.0] file:/C:/Users/Searjasub%20Lopez/.m2/repository/org/neo4j/neo4j-graph-matching/3.1.9/neo4j-graph-matching-3.1.9.jar
2019-08-06 20:45:25.157+0000 INFO [o.n.k.i.DiagnosticsManager]  [loader.0] file:/C:/Users/Searjasub%20Lopez/.m2/repository/org/neo4j/neo4j-cypher-planner-spi-3.4/3.4.6/neo4j-cypher-planner-spi-3.4-3.4.6.jar
2019-08-06 20:45:25.157+0000 INFO [o.n.k.i.DiagnosticsManager]  [classpath] C:\Users\Searjasub Lopez\.m2\repository\org\objenesis\objenesis\2.6\objenesis-2.6.jar
2019-08-06 20:45:25.157+0000 INFO [o.n.k.i.DiagnosticsManager]  [loader.0] file:/C:/Users/Searjasub%20Lopez/.m2/repository/net/sf/opencsv/opencsv/2.3/opencsv-2.3.jar
2019-08-06 20:45:25.157+0000 INFO [o.n.k.i.DiagnosticsManager]  [classpath] C:\Program Files\Java\jdk1.8.0_201\jre\lib\ext\sunmscapi.jar
2019-08-06 20:45:25.157+0000 INFO [o.n.k.i.DiagnosticsManager]  [loader.0] file:/C:/Users/Searjasub%20Lopez/.m2/repository/org/scala-lang/scala-library/2.11.12/scala-library-2.11.12.jar
2019-08-06 20:45:25.157+0000 INFO [o.n.k.i.DiagnosticsManager]  [bootstrap] C:\Program Files\Java\jdk1.8.0_201\jre\classes
2019-08-06 20:45:25.157+0000 INFO [o.n.k.i.DiagnosticsManager]  [classpath] C:\Users\Searjasub Lopez\.m2\repository\org\neo4j\neo4j-cypher-compiler-3.1\3.1.9\neo4j-cypher-compiler-3.1-3.1.9.jar
2019-08-06 20:45:25.157+0000 INFO [o.n.k.i.DiagnosticsManager]  [classpath] C:\Users\Searjasub Lopez\.m2\repository\org\apache\lucene\lucene-codecs\5.5.5\lucene-codecs-5.5.5.jar
2019-08-06 20:45:25.157+0000 INFO [o.n.k.i.DiagnosticsManager]  [loader.0] file:/C:/Program%20Files/Java/jdk1.8.0_201/jre/lib/jfxswt.jar
2019-08-06 20:45:25.157+0000 INFO [o.n.k.i.DiagnosticsManager]  [loader.0] file:/C:/Users/Searjasub%20Lopez/.m2/repository/org/neo4j/neo4j-command-line/3.4.6/neo4j-command-line-3.4.6.jar
2019-08-06 20:45:25.157+0000 INFO [o.n.k.i.DiagnosticsManager]  [classpath] C:\Users\Searjasub Lopez\.m2\repository\org\neo4j\neo4j-collections\3.4.6\neo4j-collections-3.4.6.jar
2019-08-06 20:45:25.157+0000 INFO [o.n.k.i.DiagnosticsManager]  [loader.0] file:/C:/Users/Searjasub%20Lopez/.m2/repository/com/profesorfalken/jPowerShell/1.9/jPowerShell-1.9.jar
2019-08-06 20:45:25.157+0000 INFO [o.n.k.i.DiagnosticsManager]  [loader.0] file:/C:/Users/Searjasub%20Lopez/.m2/repository/org/neo4j/neo4j-cypher-interpreted-runtime/3.4.6/neo4j-cypher-interpreted-runtime-3.4.6.jar
2019-08-06 20:45:25.157+0000 INFO [o.n.k.i.DiagnosticsManager]  [classpath] C:\Users\Searjasub Lopez\.m2\repository\org\neo4j\neo4j-import-tool\3.4.6\neo4j-import-tool-3.4.6.jar
2019-08-06 20:45:25.157+0000 INFO [o.n.k.i.DiagnosticsManager]  [loader.0] file:/C:/Users/Searjasub%20Lopez/.m2/repository/org/parboiled/parboiled-core/1.1.7/parboiled-core-1.1.7.jar
2019-08-06 20:45:25.157+0000 INFO [o.n.k.i.DiagnosticsManager]  [loader.0] file:/C:/Users/Searjasub%20Lopez/.m2/repository/org/neo4j/neo4j-unsafe/3.4.6/neo4j-unsafe-3.4.6.jar
2019-08-06 20:45:25.158+0000 INFO [o.n.k.i.DiagnosticsManager]  [classpath] C:\Program Files\Java\jdk1.8.0_201\jre\lib\ext\sunpkcs11.jar
2019-08-06 20:45:25.158+0000 INFO [o.n.k.i.DiagnosticsManager]  [classpath] C:\Users\Searjasub Lopez\.m2\repository\org\bouncycastle\bcprov-jdk15on\1.59\bcprov-jdk15on-1.59.jar
2019-08-06 20:45:25.158+0000 INFO [o.n.k.i.DiagnosticsManager]  [loader.1] file:/C:/Program%20Files/Java/jdk1.8.0_201/jre/lib/ext/sunec.jar
2019-08-06 20:45:25.158+0000 INFO [o.n.k.i.DiagnosticsManager]  [classpath] C:\Program Files\Java\jdk1.8.0_201\lib\tools.jar
2019-08-06 20:45:25.158+0000 INFO [o.n.k.i.DiagnosticsManager]  [classpath] C:\Users\Searjasub Lopez\.m2\repository\org\neo4j\neo4j-common\3.4.6\neo4j-common-3.4.6.jar
2019-08-06 20:45:25.158+0000 INFO [o.n.k.i.DiagnosticsManager]  [loader.0] file:/C:/Users/Searjasub%20Lopez/.m2/repository/org/neo4j/neo4j-cypher-util-3.4/3.4.6/neo4j-cypher-util-3.4-3.4.6.jar
2019-08-06 20:45:25.158+0000 INFO [o.n.k.i.DiagnosticsManager]  [classpath] C:\Program Files\Java\jdk1.8.0_201\jre\lib\jfxswt.jar
2019-08-06 20:45:25.158+0000 INFO [o.n.k.i.DiagnosticsManager]  [classpath] C:\Users\Searjasub Lopez\.m2\repository\org\scala-lang\scala-reflect\2.11.12\scala-reflect-2.11.12.jar
2019-08-06 20:45:25.158+0000 INFO [o.n.k.i.DiagnosticsManager]  [loader.1] file:/C:/Program%20Files/Java/jdk1.8.0_201/jre/lib/ext/cldrdata.jar
2019-08-06 20:45:25.158+0000 INFO [o.n.k.i.DiagnosticsManager]  [loader.0] file:/C:/Users/Searjasub%20Lopez/.m2/repository/org/neo4j/neo4j-configuration/3.4.6/neo4j-configuration-3.4.6.jar
2019-08-06 20:45:25.158+0000 INFO [o.n.k.i.DiagnosticsManager]  [loader.0] file:/C:/Users/Searjasub%20Lopez/.m2/repository/org/neo4j/neo4j-common/3.4.6/neo4j-common-3.4.6.jar
2019-08-06 20:45:25.158+0000 INFO [o.n.k.i.DiagnosticsManager]  [loader.0] file:/C:/Users/Searjasub%20Lopez/.m2/repository/org/neo4j/neo4j-graphdb-api/3.4.6/neo4j-graphdb-api-3.4.6.jar
2019-08-06 20:45:25.158+0000 INFO [o.n.k.i.DiagnosticsManager]  [loader.0] file:/C:/Users/Searjasub%20Lopez/.m2/repository/org/neo4j/neo4j-spatial-index/3.4.6/neo4j-spatial-index-3.4.6.jar
2019-08-06 20:45:25.158+0000 INFO [o.n.k.i.DiagnosticsManager]  [loader.0] file:/C:/Users/Searjasub%20Lopez/.m2/repository/org/apache/lucene/lucene-codecs/5.5.5/lucene-codecs-5.5.5.jar
2019-08-06 20:45:25.158+0000 INFO [o.n.k.i.DiagnosticsManager]  [loader.0] file:/C:/Program%20Files/Java/jdk1.8.0_201/jre/lib/rt.jar
2019-08-06 20:45:25.158+0000 INFO [o.n.k.i.DiagnosticsManager]  [classpath] C:\Program Files\Java\jdk1.8.0_201\jre\lib\ext\dnsns.jar
2019-08-06 20:45:25.158+0000 INFO [o.n.k.i.DiagnosticsManager]  [bootstrap] C:\Program Files\Java\jdk1.8.0_201\jre\lib\sunrsasign.jar
2019-08-06 20:45:25.158+0000 INFO [o.n.k.i.DiagnosticsManager]  [loader.0] file:/C:/Users/Searjasub%20Lopez/.m2/repository/org/bouncycastle/bcpkix-jdk15on/1.59/bcpkix-jdk15on-1.59.jar
2019-08-06 20:45:25.158+0000 INFO [o.n.k.i.DiagnosticsManager]  [loader.0] file:/C:/Users/Searjasub%20Lopez/.m2/repository/com/github/ben-manes/caffeine/caffeine/2.3.3/caffeine-2.3.3.jar
2019-08-06 20:45:25.158+0000 INFO [o.n.k.i.DiagnosticsManager]  [classpath] C:\Program Files\Java\jdk1.8.0_201\jre\lib\ext\localedata.jar
2019-08-06 20:45:25.158+0000 INFO [o.n.k.i.DiagnosticsManager]  [loader.0] file:/C:/Users/Searjasub%20Lopez/.m2/repository/org/neo4j/neo4j-udc/3.4.6/neo4j-udc-3.4.6.jar
2019-08-06 20:45:25.159+0000 INFO [o.n.k.i.DiagnosticsManager]  [loader.0] file:/C:/Users/Searjasub%20Lopez/.m2/repository/org/apache/lucene/lucene-queryparser/5.5.5/lucene-queryparser-5.5.5.jar
2019-08-06 20:45:25.159+0000 INFO [o.n.k.i.DiagnosticsManager]  [classpath] C:\Users\Searjasub Lopez\.m2\repository\org\scala-lang\scala-library\2.11.12\scala-library-2.11.12.jar
2019-08-06 20:45:25.159+0000 INFO [o.n.k.i.DiagnosticsManager]  [classpath] C:\Users\Searjasub Lopez\.m2\repository\org\neo4j\neo4j-cypher-compiler-3.3\3.3.6\neo4j-cypher-compiler-3.3-3.3.6.jar
2019-08-06 20:45:25.159+0000 INFO [o.n.k.i.DiagnosticsManager]  [classpath] C:\Users\Searjasub Lopez\.m2\repository\org\ow2\asm\asm\6.2\asm-6.2.jar
2019-08-06 20:45:25.159+0000 INFO [o.n.k.i.DiagnosticsManager]  [classpath] C:\Users\Searjasub Lopez\.m2\repository\com\googlecode\concurrentlinkedhashmap\concurrentlinkedhashmap-lru\1.4.2\concurrentlinkedhashmap-lru-1.4.2.jar
2019-08-06 20:45:25.159+0000 INFO [o.n.k.i.DiagnosticsManager]  [loader.0] file:/C:/Program%20Files/Java/jdk1.8.0_201/jre/lib/jsse.jar
2019-08-06 20:45:25.160+0000 INFO [o.n.k.i.DiagnosticsManager]  [loader.0] file:/C:/Users/Searjasub%20Lopez/.m2/repository/org/neo4j/neo4j-io/3.4.6/neo4j-io-3.4.6.jar
2019-08-06 20:45:25.160+0000 INFO [o.n.k.i.DiagnosticsManager]  [loader.0] file:/C:/Users/Searjasub%20Lopez/.m2/repository/org/neo4j/neo4j-procedure-api/3.4.6/neo4j-procedure-api-3.4.6.jar
2019-08-06 20:45:25.160+0000 INFO [o.n.k.i.DiagnosticsManager]  [loader.0] file:/C:/Users/Searjasub%20Lopez/.m2/repository/org/ow2/asm/asm-util/6.2/asm-util-6.2.jar
2019-08-06 20:45:25.160+0000 INFO [o.n.k.i.DiagnosticsManager]  [classpath] C:\Users\Searjasub Lopez\.m2\repository\org\neo4j\neo4j-csv\3.4.6\neo4j-csv-3.4.6.jar
2019-08-06 20:45:25.160+0000 INFO [o.n.k.i.DiagnosticsManager]  [classpath] C:\Users\Searjasub Lopez\.m2\repository\org\neo4j\neo4j-command-line\3.4.6\neo4j-command-line-3.4.6.jar
2019-08-06 20:45:25.161+0000 INFO [o.n.k.i.DiagnosticsManager]  [loader.0] file:/C:/Users/Searjasub%20Lopez/.m2/repository/org/neo4j/neo4j-cypher/3.4.6/neo4j-cypher-3.4.6.jar
2019-08-06 20:45:25.161+0000 INFO [o.n.k.i.DiagnosticsManager]  [classpath] C:\Users\Searjasub Lopez\.m2\repository\org\neo4j\neo4j-consistency-check\3.4.6\neo4j-consistency-check-3.4.6.jar
2019-08-06 20:45:25.161+0000 INFO [o.n.k.i.DiagnosticsManager]  [classpath] C:\Users\Searjasub Lopez\.m2\repository\org\neo4j\neo4j-graphdb-api\3.4.6\neo4j-graphdb-api-3.4.6.jar
2019-08-06 20:45:25.161+0000 INFO [o.n.k.i.DiagnosticsManager]  [loader.1] file:/C:/Program%20Files/Java/jdk1.8.0_201/jre/lib/ext/sunpkcs11.jar
2019-08-06 20:45:25.161+0000 INFO [o.n.k.i.DiagnosticsManager]  [loader.0] file:/C:/Users/Searjasub%20Lopez/.m2/repository/org/apache/lucene/lucene-core/5.5.5/lucene-core-5.5.5.jar
2019-08-06 20:45:25.161+0000 INFO [o.n.k.i.DiagnosticsManager]  [loader.1] file:/C:/Program%20Files/Java/jdk1.8.0_201/jre/lib/ext/jaccess.jar
2019-08-06 20:45:25.162+0000 INFO [o.n.k.i.DiagnosticsManager]  [classpath] C:\Users\Searjasub Lopez\.m2\repository\org\neo4j\neo4j-primitive-collections\3.4.6\neo4j-primitive-collections-3.4.6.jar
2019-08-06 20:45:25.162+0000 INFO [o.n.k.i.DiagnosticsManager]  [classpath] C:\Users\Searjasub Lopez\.m2\repository\org\neo4j\neo4j-cypher-ir-3.3\3.3.6\neo4j-cypher-ir-3.3-3.3.6.jar
2019-08-06 20:45:25.162+0000 INFO [o.n.k.i.DiagnosticsManager]  [loader.0] file:/C:/Users/Searjasub%20Lopez/.m2/repository/org/neo4j/neo4j-dbms/3.4.6/neo4j-dbms-3.4.6.jar
2019-08-06 20:45:25.163+0000 INFO [o.n.k.i.DiagnosticsManager]  [loader.0] file:/C:/Program%20Files/Java/jdk1.8.0_201/jre/lib/charsets.jar
2019-08-06 20:45:25.163+0000 INFO [o.n.k.i.DiagnosticsManager]  [classpath] C:\Users\Searjasub Lopez\.m2\repository\org\apache\lucene\lucene-backward-codecs\5.5.0\lucene-backward-codecs-5.5.0.jar
2019-08-06 20:45:25.164+0000 INFO [o.n.k.i.DiagnosticsManager]  [loader.1] file:/C:/Program%20Files/Java/jdk1.8.0_201/jre/lib/ext/nashorn.jar
2019-08-06 20:45:25.164+0000 INFO [o.n.k.i.DiagnosticsManager]  [classpath] C:\Users\Searjasub Lopez\.m2\repository\org\neo4j\neo4j-kernel\3.4.6\neo4j-kernel-3.4.6.jar
2019-08-06 20:45:25.165+0000 INFO [o.n.k.i.DiagnosticsManager]  [loader.0] file:/C:/Program%20Files/Java/jdk1.8.0_201/jre/lib/jce.jar
2019-08-06 20:45:25.165+0000 INFO [o.n.k.i.DiagnosticsManager]  [loader.0] file:/C:/Users/Searjasub%20Lopez/.m2/repository/org/neo4j/neo4j-cypher-compiler-3.1/3.1.9/neo4j-cypher-compiler-3.1-3.1.9.jar
2019-08-06 20:45:25.165+0000 INFO [o.n.k.i.DiagnosticsManager]  [classpath] C:\Users\Searjasub Lopez\.m2\repository\org\neo4j\neo4j-cypher-compiler-2.3\2.3.12\neo4j-cypher-compiler-2.3-2.3.12.jar
2019-08-06 20:45:25.165+0000 INFO [o.n.k.i.DiagnosticsManager]  [loader.1] file:/C:/Program%20Files/Java/jdk1.8.0_201/jre/lib/ext/dnsns.jar
2019-08-06 20:45:25.166+0000 INFO [o.n.k.i.DiagnosticsManager]  [loader.0] file:/C:/Users/Searjasub%20Lopez/.m2/repository/org/neo4j/neo4j-cypher-compiler-3.3/3.3.6/neo4j-cypher-compiler-3.3-3.3.6.jar
2019-08-06 20:45:25.166+0000 INFO [o.n.k.i.DiagnosticsManager]  [classpath] C:\Users\Searjasub Lopez\.m2\repository\org\neo4j\neo4j-cypher-interpreted-runtime\3.4.6\neo4j-cypher-interpreted-runtime-3.4.6.jar
2019-08-06 20:45:25.166+0000 INFO [o.n.k.i.DiagnosticsManager]  [classpath] C:\Program Files\Java\jdk1.8.0_201\jre\lib\ext\nashorn.jar
2019-08-06 20:45:25.166+0000 INFO [o.n.k.i.DiagnosticsManager]  [classpath] C:\Users\Searjasub Lopez\.m2\repository\com\profesorfalken\jPowerShell\1.9\jPowerShell-1.9.jar
2019-08-06 20:45:25.166+0000 INFO [o.n.k.i.DiagnosticsManager]  [loader.0] file:/C:/Users/Searjasub%20Lopez/.m2/repository/org/neo4j/neo4j-cypher-frontend-2.3/2.3.12/neo4j-cypher-frontend-2.3-2.3.12.jar
2019-08-06 20:45:25.166+0000 INFO [o.n.k.i.DiagnosticsManager]  [classpath] C:\Users\Searjasub Lopez\.m2\repository\org\neo4j\neo4j-cypher-logical-plans-3.3\3.3.6\neo4j-cypher-logical-plans-3.3-3.3.6.jar
2019-08-06 20:45:25.166+0000 INFO [o.n.k.i.DiagnosticsManager]  [classpath] C:\Users\Searjasub Lopez\.m2\repository\org\apache\commons\commons-lang3\3.7\commons-lang3-3.7.jar
2019-08-06 20:45:25.167+0000 INFO [o.n.k.i.DiagnosticsManager]  [classpath] C:\Users\Searjasub Lopez\.m2\repository\org\neo4j\neo4j-ssl\3.4.6\neo4j-ssl-3.4.6.jar
2019-08-06 20:45:25.167+0000 INFO [o.n.k.i.DiagnosticsManager]  [classpath] C:\Users\Searjasub Lopez\.m2\repository\net\sf\opencsv\opencsv\2.3\opencsv-2.3.jar
2019-08-06 20:45:25.167+0000 INFO [o.n.k.i.DiagnosticsManager]  [loader.0] file:/C:/Users/Searjasub%20Lopez/.m2/repository/org/neo4j/openCypher-frontend-1/3.4.6/openCypher-frontend-1-3.4.6.jar
2019-08-06 20:45:25.167+0000 INFO [o.n.k.i.DiagnosticsManager]  [classpath] C:\Program Files\Java\jdk1.8.0_201\jre\lib\ext\jaccess.jar
2019-08-06 20:45:25.167+0000 INFO [o.n.k.i.DiagnosticsManager]  [classpath] C:\Users\Searjasub Lopez\.m2\repository\org\neo4j\neo4j-values\3.4.6\neo4j-values-3.4.6.jar
2019-08-06 20:45:25.167+0000 INFO [o.n.k.i.DiagnosticsManager]  [loader.0] file:/C:/Users/Searjasub%20Lopez/.m2/repository/org/neo4j/neo4j-lucene-upgrade/3.4.6/neo4j-lucene-upgrade-3.4.6.jar
2019-08-06 20:45:25.167+0000 INFO [o.n.k.i.DiagnosticsManager]  [loader.0] file:/C:/Program%20Files/Java/jdk1.8.0_201/jre/lib/management-agent.jar
2019-08-06 20:45:25.168+0000 INFO [o.n.k.i.DiagnosticsManager]  [classpath] C:\Program Files\Java\jdk1.8.0_201\jre\lib\javaws.jar
2019-08-06 20:45:25.168+0000 INFO [o.n.k.i.DiagnosticsManager]  [classpath] C:\Users\Searjasub Lopez\.m2\repository\org\neo4j\neo4j\3.4.6\neo4j-3.4.6.jar
2019-08-06 20:45:25.168+0000 INFO [o.n.k.i.DiagnosticsManager]  [loader.0] file:/C:/Users/Searjasub%20Lopez/.m2/repository/org/ow2/asm/asm-analysis/6.2/asm-analysis-6.2.jar
2019-08-06 20:45:25.168+0000 INFO [o.n.k.i.DiagnosticsManager]  [classpath + loader.0] file:/D:/GitHub/Neo4J-Java-App/target/classes/
2019-08-06 20:45:25.168+0000 INFO [o.n.k.i.DiagnosticsManager]  [loader.0] file:/C:/Program%20Files/Java/jdk1.8.0_201/jre/lib/plugin.jar
2019-08-06 20:45:25.169+0000 INFO [o.n.k.i.DiagnosticsManager]  [loader.0] file:/C:/Users/Searjasub%20Lopez/.m2/repository/org/neo4j/neo4j-cypher-ir-3.3/3.3.6/neo4j-cypher-ir-3.3-3.3.6.jar
2019-08-06 20:45:25.169+0000 INFO [o.n.k.i.DiagnosticsManager]  [bootstrap + classpath] C:\Program Files\Java\jdk1.8.0_201\jre\lib\jfr.jar
2019-08-06 20:45:25.169+0000 INFO [o.n.k.i.DiagnosticsManager]  [classpath] C:\Users\Searjasub Lopez\.m2\repository\org\neo4j\neo4j-cypher-util-3.4\3.4.6\neo4j-cypher-util-3.4-3.4.6.jar
2019-08-06 20:45:25.169+0000 INFO [o.n.k.i.DiagnosticsManager]  [classpath] C:\Users\Searjasub Lopez\.m2\repository\org\neo4j\neo4j-graph-algo\3.4.6\neo4j-graph-algo-3.4.6.jar
2019-08-06 20:45:25.169+0000 INFO [o.n.k.i.DiagnosticsManager]  [loader.0] file:/C:/Users/Searjasub%20Lopez/.m2/repository/org/neo4j/neo4j-logging/3.4.6/neo4j-logging-3.4.6.jar
2019-08-06 20:45:25.169+0000 INFO [o.n.k.i.DiagnosticsManager]  [classpath] C:\Program Files\Java\jdk1.8.0_201\jre\lib\ext\cldrdata.jar
2019-08-06 20:45:25.169+0000 INFO [o.n.k.i.DiagnosticsManager]  [classpath] C:\Users\Searjasub Lopez\.m2\repository\org\neo4j\openCypher-frontend-1\3.4.6\openCypher-frontend-1-3.4.6.jar
2019-08-06 20:45:25.170+0000 INFO [o.n.k.i.DiagnosticsManager]  [classpath] C:\Users\Searjasub Lopez\.m2\repository\org\neo4j\neo4j-io\3.4.6\neo4j-io-3.4.6.jar
2019-08-06 20:45:25.170+0000 INFO [o.n.k.i.DiagnosticsManager]  [loader.0] file:/C:/Program%20Files/Java/jdk1.8.0_201/jre/lib/jfr.jar
2019-08-06 20:45:25.170+0000 INFO [o.n.k.i.DiagnosticsManager]  [loader.0] file:/C:/Program%20Files/Java/jdk1.8.0_201/lib/tools.jar
2019-08-06 20:45:25.170+0000 INFO [o.n.k.i.DiagnosticsManager]  [loader.0] file:/C:/Users/Searjasub%20Lopez/.m2/repository/org/apache/lucene/lucene-backward-codecs/5.5.0/lucene-backward-codecs-5.5.0.jar
2019-08-06 20:45:25.170+0000 INFO [o.n.k.i.DiagnosticsManager]  [loader.0] file:/C:/Program%20Files/Java/jdk1.8.0_201/jre/lib/javaws.jar
2019-08-06 20:45:25.171+0000 INFO [o.n.k.i.DiagnosticsManager]  [classpath] C:\Program Files\Java\jdk1.8.0_201\jre\lib\management-agent.jar
2019-08-06 20:45:25.171+0000 INFO [o.n.k.i.DiagnosticsManager]  [loader.0] file:/C:/Users/Searjasub%20Lopez/.m2/repository/org/neo4j/neo4j-cypher-logical-plans-3.3/3.3.6/neo4j-cypher-logical-plans-3.3-3.3.6.jar
2019-08-06 20:45:25.171+0000 INFO [o.n.k.i.DiagnosticsManager]  [loader.0] file:/C:/Users/Searjasub%20Lopez/.m2/repository/org/scala-lang/scala-reflect/2.11.12/scala-reflect-2.11.12.jar
2019-08-06 20:45:25.171+0000 INFO [o.n.k.i.DiagnosticsManager]  [classpath] C:\Users\Searjasub Lopez\.m2\repository\org\ow2\asm\asm-analysis\6.2\asm-analysis-6.2.jar
2019-08-06 20:45:25.171+0000 INFO [o.n.k.i.DiagnosticsManager]  [loader.0] file:/C:/Users/Searjasub%20Lopez/.m2/repository/org/neo4j/neo4j-cypher-planner-3.4/3.4.6/neo4j-cypher-planner-3.4-3.4.6.jar
2019-08-06 20:45:25.171+0000 INFO [o.n.k.i.DiagnosticsManager]  [classpath] C:\Users\Searjasub Lopez\.m2\repository\org\neo4j\neo4j-cypher-planner-spi-3.4\3.4.6\neo4j-cypher-planner-spi-3.4-3.4.6.jar
2019-08-06 20:45:25.172+0000 INFO [o.n.k.i.DiagnosticsManager]  [classpath] C:\Users\Searjasub Lopez\.m2\repository\org\neo4j\neo4j-cypher-logical-plans-3.4\3.4.6\neo4j-cypher-logical-plans-3.4-3.4.6.jar
2019-08-06 20:45:25.172+0000 INFO [o.n.k.i.DiagnosticsManager]  [bootstrap + classpath] C:\Program Files\Java\jdk1.8.0_201\jre\lib\jsse.jar
2019-08-06 20:45:25.172+0000 INFO [o.n.k.i.DiagnosticsManager]  [classpath] C:\Users\Searjasub Lopez\.m2\repository\org\neo4j\neo4j-cypher-frontend-2.3\2.3.12\neo4j-cypher-frontend-2.3-2.3.12.jar
2019-08-06 20:45:25.172+0000 INFO [o.n.k.i.DiagnosticsManager]  [classpath] C:\Users\Searjasub Lopez\.m2\repository\org\apache\commons\commons-compress\1.16.1\commons-compress-1.16.1.jar
2019-08-06 20:45:25.172+0000 INFO [o.n.k.i.DiagnosticsManager]  [loader.0] file:/C:/Users/Searjasub%20Lopez/.m2/repository/org/neo4j/neo4j-cypher-compiler-2.3/2.3.12/neo4j-cypher-compiler-2.3-2.3.12.jar
2019-08-06 20:45:25.172+0000 INFO [o.n.k.i.DiagnosticsManager]  [loader.1] file:/C:/Program%20Files/Java/jdk1.8.0_201/jre/lib/ext/sunjce_provider.jar
2019-08-06 20:45:25.172+0000 INFO [o.n.k.i.DiagnosticsManager]  [loader.0] file:/C:/Users/Searjasub%20Lopez/.m2/repository/org/apache/commons/commons-text/1.3/commons-text-1.3.jar
2019-08-06 20:45:25.172+0000 INFO [o.n.k.i.DiagnosticsManager]  [classpath] C:\Users\Searjasub Lopez\.m2\repository\org\neo4j\neo4j-resource\3.4.6\neo4j-resource-3.4.6.jar
2019-08-06 20:45:25.173+0000 INFO [o.n.k.i.DiagnosticsManager]  [loader.0] file:/C:/Users/Searjasub%20Lopez/.m2/repository/org/neo4j/neo4j-lucene-index/3.4.6/neo4j-lucene-index-3.4.6.jar
2019-08-06 20:45:25.173+0000 INFO [o.n.k.i.DiagnosticsManager]  [classpath] C:\Program Files\Java\jdk1.8.0_201\jre\lib\ext\sunec.jar
2019-08-06 20:45:25.173+0000 INFO [o.n.k.i.DiagnosticsManager]  [loader.0] file:/C:/Users/Searjasub%20Lopez/.m2/repository/org/neo4j/neo4j-cypher-expression-3.4/3.4.6/neo4j-cypher-expression-3.4-3.4.6.jar
2019-08-06 20:45:25.173+0000 INFO [o.n.k.i.DiagnosticsManager]  [loader.0] file:/C:/Users/Searjasub%20Lopez/.m2/repository/org/neo4j/neo4j-codegen/3.4.6/neo4j-codegen-3.4.6.jar
2019-08-06 20:45:25.174+0000 INFO [o.n.k.i.DiagnosticsManager]  [loader.0] file:/C:/Users/Searjasub%20Lopez/.m2/repository/org/parboiled/parboiled-scala_2.11/1.1.7/parboiled-scala_2.11-1.1.7.jar
2019-08-06 20:45:25.174+0000 INFO [o.n.k.i.DiagnosticsManager]  [loader.0] file:/C:/Users/Searjasub%20Lopez/.m2/repository/org/neo4j/neo4j-cypher-ir-3.4/3.4.6/neo4j-cypher-ir-3.4-3.4.6.jar
2019-08-06 20:45:25.174+0000 INFO [o.n.k.i.DiagnosticsManager]  [loader.0] file:/C:/Users/Searjasub%20Lopez/.m2/repository/org/jprocesses/jProcesses/1.6.4/jProcesses-1.6.4.jar
2019-08-06 20:45:25.174+0000 INFO [o.n.k.i.DiagnosticsManager]  [loader.0] file:/C:/Users/Searjasub%20Lopez/.m2/repository/org/neo4j/neo4j-primitive-collections/3.4.6/neo4j-primitive-collections-3.4.6.jar
2019-08-06 20:45:25.174+0000 INFO [o.n.k.i.DiagnosticsManager]  [loader.0] file:/C:/Users/Searjasub%20Lopez/.m2/repository/org/neo4j/neo4j-graph-algo/3.4.6/neo4j-graph-algo-3.4.6.jar
2019-08-06 20:45:25.175+0000 INFO [o.n.k.i.DiagnosticsManager]  [classpath] C:\Users\Searjasub Lopez\.m2\repository\org\neo4j\neo4j-jmx\3.4.6\neo4j-jmx-3.4.6.jar
2019-08-06 20:45:25.175+0000 INFO [o.n.k.i.DiagnosticsManager]  [loader.0] file:/C:/Users/Searjasub%20Lopez/.m2/repository/org/neo4j/neo4j-jmx/3.4.6/neo4j-jmx-3.4.6.jar
2019-08-06 20:45:25.175+0000 INFO [o.n.k.i.DiagnosticsManager]  [bootstrap + classpath] C:\Program Files\Java\jdk1.8.0_201\jre\lib\rt.jar
2019-08-06 20:45:25.175+0000 INFO [o.n.k.i.DiagnosticsManager]  [classpath] C:\Program Files\Java\jdk1.8.0_201\jre\lib\plugin.jar
2019-08-06 20:45:25.176+0000 INFO [o.n.k.i.DiagnosticsManager]  [classpath] C:\Users\Searjasub Lopez\.m2\repository\org\neo4j\neo4j-graph-matching\3.1.9\neo4j-graph-matching-3.1.9.jar
2019-08-06 20:45:25.176+0000 INFO [o.n.k.i.DiagnosticsManager]  [loader.0] file:/C:/Users/Searjasub%20Lopez/.m2/repository/org/neo4j/neo4j-cypher-runtime-util/3.4.6/neo4j-cypher-runtime-util-3.4.6.jar
2019-08-06 20:45:25.176+0000 INFO [o.n.k.i.DiagnosticsManager]  [classpath] C:\Users\Searjasub Lopez\.m2\repository\org\neo4j\neo4j-unsafe\3.4.6\neo4j-unsafe-3.4.6.jar
2019-08-06 20:45:25.176+0000 INFO [o.n.k.i.DiagnosticsManager]  [loader.0] file:/C:/Users/Searjasub%20Lopez/.m2/repository/org/apache/lucene/lucene-analyzers-common/5.5.5/lucene-analyzers-common-5.5.5.jar
2019-08-06 20:45:25.176+0000 INFO [o.n.k.i.DiagnosticsManager]  [loader.0] file:/C:/Users/Searjasub%20Lopez/.m2/repository/org/ow2/asm/asm-tree/6.2/asm-tree-6.2.jar
2019-08-06 20:45:25.177+0000 INFO [o.n.k.i.DiagnosticsManager]  [loader.0] file:/C:/Program%20Files/Java/jdk1.8.0_201/jre/lib/resources.jar
2019-08-06 20:45:25.177+0000 INFO [o.n.k.i.DiagnosticsManager]  [loader.0] file:/C:/Users/Searjasub%20Lopez/.m2/repository/org/neo4j/neo4j-consistency-check/3.4.6/neo4j-consistency-check-3.4.6.jar
2019-08-06 20:45:25.177+0000 INFO [o.n.k.i.DiagnosticsManager]  [loader.0] file:/C:/Users/Searjasub%20Lopez/.m2/repository/org/neo4j/neo4j-import-tool/3.4.6/neo4j-import-tool-3.4.6.jar
2019-08-06 20:45:25.177+0000 INFO [o.n.k.i.DiagnosticsManager]  [classpath] C:\Users\Searjasub Lopez\.m2\repository\org\neo4j\neo4j-lucene-upgrade\3.4.6\neo4j-lucene-upgrade-3.4.6.jar
2019-08-06 20:45:25.177+0000 INFO [o.n.k.i.DiagnosticsManager]  [classpath] C:\Users\Searjasub Lopez\.m2\repository\org\parboiled\parboiled-scala_2.11\1.1.7\parboiled-scala_2.11-1.1.7.jar
2019-08-06 20:45:25.178+0000 INFO [o.n.k.i.DiagnosticsManager]  [loader.1] file:/C:/Program%20Files/Java/jdk1.8.0_201/jre/lib/ext/sunmscapi.jar
2019-08-06 20:45:25.178+0000 INFO [o.n.k.i.DiagnosticsManager]  [loader.0] file:/C:/Users/Searjasub%20Lopez/.m2/repository/org/neo4j/neo4j-kernel/3.4.6/neo4j-kernel-3.4.6.jar
2019-08-06 20:45:25.178+0000 INFO [o.n.k.i.DiagnosticsManager]  [classpath] C:\Users\Searjasub Lopez\.m2\repository\org\neo4j\neo4j-udc\3.4.6\neo4j-udc-3.4.6.jar
2019-08-06 20:45:25.178+0000 INFO [o.n.k.i.DiagnosticsManager]  [classpath] C:\Users\Searjasub Lopez\.m2\repository\org\neo4j\neo4j-codegen\3.4.6\neo4j-codegen-3.4.6.jar
2019-08-06 20:45:25.178+0000 INFO [o.n.k.i.DiagnosticsManager]  [classpath] C:\Users\Searjasub Lopez\.m2\repository\org\neo4j\neo4j-cypher-planner-3.4\3.4.6\neo4j-cypher-planner-3.4-3.4.6.jar
2019-08-06 20:45:25.179+0000 INFO [o.n.k.i.DiagnosticsManager]  [loader.0] file:/C:/Users/Searjasub%20Lopez/.m2/repository/org/ow2/asm/asm/6.2/asm-6.2.jar
2019-08-06 20:45:25.179+0000 INFO [o.n.k.i.DiagnosticsManager]  [loader.0] file:/C:/Users/Searjasub%20Lopez/.m2/repository/org/neo4j/neo4j-resource/3.4.6/neo4j-resource-3.4.6.jar
2019-08-06 20:45:25.179+0000 INFO [o.n.k.i.DiagnosticsManager]  [loader.0] file:/C:/Users/Searjasub%20Lopez/.m2/repository/org/neo4j/neo4j-cypher-frontend-3.3/3.3.6/neo4j-cypher-frontend-3.3-3.3.6.jar
2019-08-06 20:45:25.179+0000 INFO [o.n.k.i.DiagnosticsManager]  [classpath] C:\Users\Searjasub Lopez\.m2\repository\org\neo4j\neo4j-kernel-api\3.4.6\neo4j-kernel-api-3.4.6.jar
2019-08-06 20:45:25.180+0000 INFO [o.n.k.i.DiagnosticsManager]  [loader.0] file:/C:/Users/Searjasub%20Lopez/.m2/repository/org/neo4j/neo4j-collections/3.4.6/neo4j-collections-3.4.6.jar
2019-08-06 20:45:25.180+0000 INFO [o.n.k.i.DiagnosticsManager]  [classpath] C:\Program Files\Java\jdk1.8.0_201\jre\lib\ext\sunjce_provider.jar
2019-08-06 20:45:25.180+0000 INFO [o.n.k.i.DiagnosticsManager]  [loader.0] file:/C:/Users/Searjasub%20Lopez/.m2/repository/org/neo4j/neo4j-csv/3.4.6/neo4j-csv-3.4.6.jar
2019-08-06 20:45:25.181+0000 INFO [o.n.k.i.DiagnosticsManager]  [loader.0] file:/C:/Users/Searjasub%20Lopez/.m2/repository/org/neo4j/neo4j-cypher-frontend-3.1/3.1.9/neo4j-cypher-frontend-3.1-3.1.9.jar
2019-08-06 20:45:25.181+0000 INFO [o.n.k.i.DiagnosticsManager]  [classpath] C:\Users\Searjasub Lopez\AppData\Local\JetBrains\Toolbox\apps\IDEA-U\ch-0\192.5728.98\lib\idea_rt.jar
2019-08-06 20:45:25.181+0000 INFO [o.n.k.i.DiagnosticsManager]  [loader.0] file:/C:/Users/Searjasub%20Lopez/.m2/repository/org/neo4j/neo4j-index/3.4.6/neo4j-index-3.4.6.jar
2019-08-06 20:45:25.181+0000 INFO [o.n.k.i.DiagnosticsManager]  [loader.1] file:/C:/Program%20Files/Java/jdk1.8.0_201/jre/lib/ext/access-bridge-64.jar
2019-08-06 20:45:25.181+0000 INFO [o.n.k.i.DiagnosticsManager]  [classpath] C:\Users\Searjasub Lopez\.m2\repository\org\neo4j\neo4j-index\3.4.6\neo4j-index-3.4.6.jar
2019-08-06 20:45:25.181+0000 INFO [o.n.k.i.DiagnosticsManager]  [loader.0] file:/C:/Users/Searjasub%20Lopez/.m2/repository/io/netty/netty-all/4.1.24.Final/netty-all-4.1.24.Final.jar
2019-08-06 20:45:25.182+0000 INFO [o.n.k.i.DiagnosticsManager]  [classpath] C:\Users\Searjasub Lopez\.m2\repository\org\neo4j\neo4j-procedure-api\3.4.6\neo4j-procedure-api-3.4.6.jar
2019-08-06 20:45:25.182+0000 INFO [o.n.k.i.DiagnosticsManager]  [classpath] C:\Program Files\Java\jdk1.8.0_201\jre\lib\deploy.jar
2019-08-06 20:45:25.182+0000 INFO [o.n.k.i.DiagnosticsManager]  [classpath] C:\Users\Searjasub Lopez\.m2\repository\org\neo4j\neo4j-logging\3.4.6\neo4j-logging-3.4.6.jar
2019-08-06 20:45:25.182+0000 INFO [o.n.k.i.DiagnosticsManager]  [classpath] C:\Users\Searjasub Lopez\.m2\repository\org\neo4j\neo4j-configuration\3.4.6\neo4j-configuration-3.4.6.jar
2019-08-06 20:45:25.182+0000 INFO [o.n.k.i.DiagnosticsManager]  [classpath] C:\Users\Searjasub Lopez\.m2\repository\io\netty\netty-all\4.1.24.Final\netty-all-4.1.24.Final.jar
2019-08-06 20:45:25.182+0000 INFO [o.n.k.i.DiagnosticsManager]  [classpath] C:\Users\Searjasub Lopez\.m2\repository\com\github\ben-manes\caffeine\caffeine\2.3.3\caffeine-2.3.3.jar
2019-08-06 20:45:25.182+0000 INFO [o.n.k.i.DiagnosticsManager]  [loader.0] file:/C:/Users/Searjasub%20Lopez/.m2/repository/com/googlecode/concurrentlinkedhashmap/concurrentlinkedhashmap-lru/1.4.2/concurrentlinkedhashmap-lru-1.4.2.jar
2019-08-06 20:45:25.182+0000 INFO [o.n.k.i.DiagnosticsManager]  [loader.1] file:/C:/Program%20Files/Java/jdk1.8.0_201/jre/lib/ext/localedata.jar
2019-08-06 20:45:25.183+0000 INFO [o.n.k.i.DiagnosticsManager]  [loader.0] file:/C:/Users/Searjasub%20Lopez/.m2/repository/org/neo4j/neo4j-kernel-api/3.4.6/neo4j-kernel-api-3.4.6.jar
2019-08-06 20:45:25.183+0000 INFO [o.n.k.i.DiagnosticsManager]  [loader.0] file:/C:/Users/Searjasub%20Lopez/AppData/Local/JetBrains/Toolbox/apps/IDEA-U/ch-0/192.5728.98/lib/idea_rt.jar
2019-08-06 20:45:25.183+0000 INFO [o.n.k.i.DiagnosticsManager]  [loader.0] file:/C:/Users/Searjasub%20Lopez/.m2/repository/org/bouncycastle/bcprov-jdk15on/1.59/bcprov-jdk15on-1.59.jar
2019-08-06 20:45:25.183+0000 INFO [o.n.k.i.DiagnosticsManager]  [classpath] C:\Users\Searjasub Lopez\.m2\repository\com\profesorfalken\WMI4Java\1.6.1\WMI4Java-1.6.1.jar
2019-08-06 20:45:25.183+0000 INFO [o.n.k.i.DiagnosticsManager]  [loader.1] file:/C:/Program%20Files/Java/jdk1.8.0_201/jre/lib/ext/jfxrt.jar
2019-08-06 20:45:25.183+0000 INFO [o.n.k.i.DiagnosticsManager]  [classpath] C:\Program Files\Java\jdk1.8.0_201\jre\lib\ext\access-bridge-64.jar
2019-08-06 20:45:25.183+0000 INFO [o.n.k.i.DiagnosticsManager]  [classpath] C:\Users\Searjasub Lopez\.m2\repository\org\neo4j\neo4j-spatial-index\3.4.6\neo4j-spatial-index-3.4.6.jar
2019-08-06 20:45:25.183+0000 INFO [o.n.k.i.DiagnosticsManager]  [loader.0] file:/C:/Users/Searjasub%20Lopez/.m2/repository/com/profesorfalken/WMI4Java/1.6.1/WMI4Java-1.6.1.jar
2019-08-06 20:45:25.184+0000 INFO [o.n.k.i.DiagnosticsManager]  [bootstrap + classpath] C:\Program Files\Java\jdk1.8.0_201\jre\lib\jce.jar
2019-08-06 20:45:25.184+0000 INFO [o.n.k.i.DiagnosticsManager]  [classpath] C:\Program Files\Java\jdk1.8.0_201\jre\lib\ext\jfxrt.jar
2019-08-06 20:45:25.184+0000 INFO [o.n.k.i.DiagnosticsManager]  [classpath] C:\Program Files\Java\jdk1.8.0_201\jre\lib\ext\zipfs.jar
2019-08-06 20:45:25.184+0000 INFO [o.n.k.i.DiagnosticsManager]  [bootstrap + classpath] C:\Program Files\Java\jdk1.8.0_201\jre\lib\resources.jar
2019-08-06 20:45:25.184+0000 INFO [o.n.k.i.DiagnosticsManager]  [classpath] C:\Users\Searjasub Lopez\.m2\repository\org\neo4j\neo4j-cypher-ir-3.4\3.4.6\neo4j-cypher-ir-3.4-3.4.6.jar
2019-08-06 20:45:25.184+0000 INFO [o.n.k.i.DiagnosticsManager]  [loader.0] file:/C:/Users/Searjasub%20Lopez/.m2/repository/org/neo4j/neo4j-ssl/3.4.6/neo4j-ssl-3.4.6.jar
2019-08-06 20:45:25.184+0000 INFO [o.n.k.i.DiagnosticsManager]  [classpath] C:\Users\Searjasub Lopez\.m2\repository\org\jprocesses\jProcesses\1.6.4\jProcesses-1.6.4.jar
2019-08-06 20:45:25.185+0000 INFO [o.n.k.i.DiagnosticsManager]  [loader.0] file:/C:/Users/Searjasub%20Lopez/.m2/repository/org/neo4j/neo4j-cypher-logical-plans-3.4/3.4.6/neo4j-cypher-logical-plans-3.4-3.4.6.jar
2019-08-06 20:45:25.185+0000 INFO [o.n.k.i.DiagnosticsManager]  [classpath] C:\Users\Searjasub Lopez\.m2\repository\org\neo4j\neo4j-cypher-runtime-util\3.4.6\neo4j-cypher-runtime-util-3.4.6.jar
2019-08-06 20:45:25.185+0000 INFO [o.n.k.i.DiagnosticsManager]  [classpath] C:\Users\Searjasub Lopez\.m2\repository\org\ow2\asm\asm-tree\6.2\asm-tree-6.2.jar
2019-08-06 20:45:25.185+0000 INFO [o.n.k.i.DiagnosticsManager]  [loader.1] file:/C:/Program%20Files/Java/jdk1.8.0_201/jre/lib/ext/zipfs.jar
2019-08-06 20:45:25.185+0000 INFO [o.n.k.i.DiagnosticsManager]  [classpath] C:\Users\Searjasub Lopez\.m2\repository\org\neo4j\neo4j-lucene-index\3.4.6\neo4j-lucene-index-3.4.6.jar
2019-08-06 20:45:25.185+0000 INFO [o.n.k.i.DiagnosticsManager]  [loader.0] file:/C:/Users/Searjasub%20Lopez/.m2/repository/org/neo4j/neo4j-values/3.4.6/neo4j-values-3.4.6.jar
2019-08-06 20:45:25.185+0000 INFO [o.n.k.i.DiagnosticsManager] Library path:
2019-08-06 20:45:25.187+0000 INFO [o.n.k.i.DiagnosticsManager] C:\Program Files\Java\jdk1.8.0_201\bin
2019-08-06 20:45:25.187+0000 INFO [o.n.k.i.DiagnosticsManager] C:\Windows\Sun\Java\bin
2019-08-06 20:45:25.188+0000 INFO [o.n.k.i.DiagnosticsManager] C:\Windows\System32
2019-08-06 20:45:25.188+0000 INFO [o.n.k.i.DiagnosticsManager] C:\Windows
2019-08-06 20:45:25.191+0000 INFO [o.n.k.i.DiagnosticsManager] C:\Users\Searjasub Lopez\AppData\Local\JetBrains\Toolbox\apps\IDEA-U\ch-0\192.5728.98\jbr\bin
2019-08-06 20:45:25.193+0000 INFO [o.n.k.i.DiagnosticsManager] C:\Users\Searjasub Lopez\AppData\Local\JetBrains\Toolbox\apps\IDEA-U\ch-0\192.5728.98\jbr\bin\server
2019-08-06 20:45:25.194+0000 INFO [o.n.k.i.DiagnosticsManager] C:\ActiveTcl\bin
2019-08-06 20:45:25.196+0000 INFO [o.n.k.i.DiagnosticsManager] C:\Program Files (x86)\Common Files\Oracle\Java\javapath
2019-08-06 20:45:25.197+0000 INFO [o.n.k.i.DiagnosticsManager] C:\Program Files (x86)\NVIDIA Corporation\PhysX\Common
2019-08-06 20:45:25.198+0000 INFO [o.n.k.i.DiagnosticsManager] C:\Program Files (x86)\Intel\Intel(R) Management Engine Components\iCLS
2019-08-06 20:45:25.199+0000 INFO [o.n.k.i.DiagnosticsManager] C:\Program Files\Intel\Intel(R) Management Engine Components\iCLS
2019-08-06 20:45:25.199+0000 INFO [o.n.k.i.DiagnosticsManager] C:\Windows\System32
2019-08-06 20:45:25.199+0000 INFO [o.n.k.i.DiagnosticsManager] C:\Windows
2019-08-06 20:45:25.199+0000 INFO [o.n.k.i.DiagnosticsManager] C:\Windows\System32\wbem
2019-08-06 20:45:25.200+0000 INFO [o.n.k.i.DiagnosticsManager] C:\Windows\System32\WindowsPowerShell\v1.0
2019-08-06 20:45:25.201+0000 INFO [o.n.k.i.DiagnosticsManager] C:\Windows\System32\OpenSSH
2019-08-06 20:45:25.202+0000 INFO [o.n.k.i.DiagnosticsManager] C:\Program Files\Intel\WiFi\bin
2019-08-06 20:45:25.203+0000 INFO [o.n.k.i.DiagnosticsManager] C:\Program Files\Common Files\Intel\WirelessCommon
2019-08-06 20:45:25.204+0000 INFO [o.n.k.i.DiagnosticsManager] C:\Program Files (x86)\Intel\Intel(R) Management Engine Components\DAL
2019-08-06 20:45:25.205+0000 INFO [o.n.k.i.DiagnosticsManager] C:\Program Files\Intel\Intel(R) Management Engine Components\DAL
2019-08-06 20:45:25.206+0000 INFO [o.n.k.i.DiagnosticsManager] C:\Program Files (x86)\Intel\Intel(R) Management Engine Components\IPT
2019-08-06 20:45:25.207+0000 INFO [o.n.k.i.DiagnosticsManager] C:\Program Files\Intel\Intel(R) Management Engine Components\IPT
2019-08-06 20:45:25.208+0000 INFO [o.n.k.i.DiagnosticsManager] C:\Program Files\Java\jdk-11.0.1\bin
2019-08-06 20:45:25.209+0000 INFO [o.n.k.i.DiagnosticsManager] C:\Program Files\apache-maven-3.6.0\bin
2019-08-06 20:45:25.210+0000 INFO [o.n.k.i.DiagnosticsManager] C:\Program Files\Git\cmd
2019-08-06 20:45:25.211+0000 INFO [o.n.k.i.DiagnosticsManager] C:\Program Files\nodejs
2019-08-06 20:45:25.213+0000 INFO [o.n.k.i.DiagnosticsManager] C:\Program Files\NVIDIA Corporation\NVIDIA NvDLISR
2019-08-06 20:45:25.213+0000 INFO [o.n.k.i.DiagnosticsManager] C:\Program Files\Microsoft SQL Server\130\Tools\Binn
2019-08-06 20:45:25.213+0000 INFO [o.n.k.i.DiagnosticsManager] C:\Program Files (x86)\Microsoft SQL Server\130\DTS\Binn
2019-08-06 20:45:25.214+0000 INFO [o.n.k.i.DiagnosticsManager] C:\Program Files\Microsoft SQL Server\130\DTS\Binn
2019-08-06 20:45:25.214+0000 INFO [o.n.k.i.DiagnosticsManager] C:\Program Files\Microsoft SQL Server\Client SDK\ODBC\130\Tools\Binn
2019-08-06 20:45:25.214+0000 INFO [o.n.k.i.DiagnosticsManager] C:\Program Files (x86)\Microsoft SQL Server\130\Tools\Binn
2019-08-06 20:45:25.215+0000 INFO [o.n.k.i.DiagnosticsManager] C:\Program Files (x86)\Microsoft SQL Server\Client SDK\ODBC\130\Tools\Binn
2019-08-06 20:45:25.215+0000 INFO [o.n.k.i.DiagnosticsManager] C:\Program Files (x86)\Microsoft SQL Server\140\Tools\Binn
2019-08-06 20:45:25.215+0000 INFO [o.n.k.i.DiagnosticsManager] C:\Program Files (x86)\Microsoft SQL Server\140\DTS\Binn
2019-08-06 20:45:25.215+0000 INFO [o.n.k.i.DiagnosticsManager] C:\Program Files (x86)\Microsoft SQL Server\140\Tools\Binn\ManagementStudio
2019-08-06 20:45:25.216+0000 INFO [o.n.k.i.DiagnosticsManager] C:\Program Files\MongoDB\Server\4.0\bin
2019-08-06 20:45:25.216+0000 INFO [o.n.k.i.DiagnosticsManager] C:\Ruby26-x64\bin
2019-08-06 20:45:25.216+0000 INFO [o.n.k.i.DiagnosticsManager] C:\Ruby25-x64\bin
2019-08-06 20:45:25.216+0000 INFO [o.n.k.i.DiagnosticsManager] C:\Users\Searjasub Lopez\AppData\Local\Microsoft\WindowsApps
2019-08-06 20:45:25.217+0000 INFO [o.n.k.i.DiagnosticsManager] C:\Users\Searjasub Lopez\AppData\Local\Programs\Microsoft VS Code\bin
2019-08-06 20:45:25.217+0000 INFO [o.n.k.i.DiagnosticsManager] C:\Users\Searjasub Lopez\AppData\Local\GitHubDesktop\bin
2019-08-06 20:45:25.217+0000 INFO [o.n.k.i.DiagnosticsManager] C:\Users\Searjasub Lopez\AppData\Roaming\npm
2019-08-06 20:45:25.218+0000 INFO [o.n.k.i.DiagnosticsManager] D:\GitHub\Neo4J-Java-App
2019-08-06 20:45:25.218+0000 INFO [o.n.k.i.DiagnosticsManager] System.properties:
2019-08-06 20:45:25.218+0000 INFO [o.n.k.i.DiagnosticsManager] sun.boot.library.path = C:\Program Files\Java\jdk1.8.0_201\jre\bin
2019-08-06 20:45:25.218+0000 INFO [o.n.k.i.DiagnosticsManager] path.separator = ;
2019-08-06 20:45:25.218+0000 INFO [o.n.k.i.DiagnosticsManager] file.encoding.pkg = sun.io
2019-08-06 20:45:25.218+0000 INFO [o.n.k.i.DiagnosticsManager] user.country = US
2019-08-06 20:45:25.218+0000 INFO [o.n.k.i.DiagnosticsManager] user.script = 
2019-08-06 20:45:25.218+0000 INFO [o.n.k.i.DiagnosticsManager] sun.java.launcher = SUN_STANDARD
2019-08-06 20:45:25.218+0000 INFO [o.n.k.i.DiagnosticsManager] sun.os.patch.level = 
2019-08-06 20:45:25.218+0000 INFO [o.n.k.i.DiagnosticsManager] user.dir = D:\GitHub\Neo4J-Java-App
2019-08-06 20:45:25.218+0000 INFO [o.n.k.i.DiagnosticsManager] user.variant = 
2019-08-06 20:45:25.218+0000 INFO [o.n.k.i.DiagnosticsManager] sun.jnu.encoding = Cp1252
2019-08-06 20:45:25.218+0000 INFO [o.n.k.i.DiagnosticsManager] sun.management.compiler = HotSpot 64-Bit Tiered Compilers
2019-08-06 20:45:25.218+0000 INFO [o.n.k.i.DiagnosticsManager] user.home = C:\Users\Searjasub Lopez
2019-08-06 20:45:25.218+0000 INFO [o.n.k.i.DiagnosticsManager] user.timezone = America/Denver
2019-08-06 20:45:25.218+0000 INFO [o.n.k.i.DiagnosticsManager] file.encoding = UTF-8
2019-08-06 20:45:25.218+0000 INFO [o.n.k.i.DiagnosticsManager] user.name = Searjasub Lopez
2019-08-06 20:45:25.218+0000 INFO [o.n.k.i.DiagnosticsManager] sun.java.command = group20.dbt230.Main
2019-08-06 20:45:25.218+0000 INFO [o.n.k.i.DiagnosticsManager] sun.arch.data.model = 64
2019-08-06 20:45:25.218+0000 INFO [o.n.k.i.DiagnosticsManager] user.language = en
2019-08-06 20:45:25.218+0000 INFO [o.n.k.i.DiagnosticsManager] awt.toolkit = sun.awt.windows.WToolkit
2019-08-06 20:45:25.218+0000 INFO [o.n.k.i.DiagnosticsManager] file.separator = \
2019-08-06 20:45:25.218+0000 INFO [o.n.k.i.DiagnosticsManager] sun.io.unicode.encoding = UnicodeLittle
2019-08-06 20:45:25.218+0000 INFO [o.n.k.i.DiagnosticsManager] sun.cpu.endian = little
2019-08-06 20:45:25.218+0000 INFO [o.n.k.i.DiagnosticsManager] sun.desktop = windows
2019-08-06 20:45:25.218+0000 INFO [o.n.k.i.DiagnosticsManager] sun.cpu.isalist = amd64
2019-08-06 20:45:25.218+0000 INFO [o.n.k.i.DiagnosticsManager] (IANA) TimeZone Database Version:
2019-08-06 20:45:25.276+0000 INFO [o.n.k.i.DiagnosticsManager]   TimeZone version: 2018g (available for 599 zone identifiers)
2019-08-06 20:45:25.276+0000 INFO [o.n.k.i.DiagnosticsManager] Network information:
2019-08-06 20:45:25.862+0000 INFO [o.n.k.i.DiagnosticsManager] Interface Software Loopback Interface 1:
2019-08-06 20:45:25.864+0000 INFO [o.n.k.i.DiagnosticsManager]     address: 127.0.0.1
2019-08-06 20:45:25.864+0000 INFO [o.n.k.i.DiagnosticsManager]     address: 0:0:0:0:0:0:0:1
2019-08-06 20:45:25.864+0000 INFO [o.n.k.i.DiagnosticsManager] Interface Remote NDIS based Internet Sharing Device:
2019-08-06 20:45:25.864+0000 INFO [o.n.k.i.DiagnosticsManager] Interface WAN Miniport (IP):
2019-08-06 20:45:25.864+0000 INFO [o.n.k.i.DiagnosticsManager] Interface Microsoft 6to4 Adapter:
2019-08-06 20:45:25.864+0000 INFO [o.n.k.i.DiagnosticsManager] Interface WAN Miniport (SSTP):
2019-08-06 20:45:25.864+0000 INFO [o.n.k.i.DiagnosticsManager] Interface WAN Miniport (Network Monitor):
2019-08-06 20:45:25.864+0000 INFO [o.n.k.i.DiagnosticsManager] Interface Microsoft IP-HTTPS Platform Adapter:
2019-08-06 20:45:25.864+0000 INFO [o.n.k.i.DiagnosticsManager] Interface WAN Miniport (L2TP):
2019-08-06 20:45:25.864+0000 INFO [o.n.k.i.DiagnosticsManager] Interface Microsoft Kernel Debug Network Adapter:
2019-08-06 20:45:25.864+0000 INFO [o.n.k.i.DiagnosticsManager] Interface WAN Miniport (IPv6):
2019-08-06 20:45:25.864+0000 INFO [o.n.k.i.DiagnosticsManager] Interface Bluetooth Device (Personal Area Network):
2019-08-06 20:45:25.864+0000 INFO [o.n.k.i.DiagnosticsManager] Interface VMware Virtual Ethernet Adapter for VMnet1:
2019-08-06 20:45:25.865+0000 INFO [o.n.k.i.DiagnosticsManager] Interface Intel(R) Ethernet Connection (7) I219-LM:
2019-08-06 20:45:25.865+0000 INFO [o.n.k.i.DiagnosticsManager]     address: fe80:0:0:0:202f:cfeb:d3f0:c73f%eth7
2019-08-06 20:45:25.865+0000 INFO [o.n.k.i.DiagnosticsManager] Interface LogMeIn Hamachi Virtual Ethernet Adapter:
2019-08-06 20:45:25.865+0000 INFO [o.n.k.i.DiagnosticsManager] Interface WAN Miniport (PPTP):
2019-08-06 20:45:25.865+0000 INFO [o.n.k.i.DiagnosticsManager] Interface Microsoft Wi-Fi Direct Virtual Adapter:
2019-08-06 20:45:25.865+0000 INFO [o.n.k.i.DiagnosticsManager] Interface Microsoft Teredo Tunneling Adapter:
2019-08-06 20:45:25.865+0000 INFO [o.n.k.i.DiagnosticsManager] Interface Intel(R) Wireless-AC 9560:
2019-08-06 20:45:25.866+0000 INFO [o.n.k.i.DiagnosticsManager]     address: 10.10.16.235
2019-08-06 20:45:25.866+0000 INFO [o.n.k.i.DiagnosticsManager]     address: fe80:0:0:0:2cf2:56e5:e9f:c4de%wlan1
2019-08-06 20:45:25.867+0000 INFO [o.n.k.i.DiagnosticsManager] Interface RAS Async Adapter:
2019-08-06 20:45:25.867+0000 INFO [o.n.k.i.DiagnosticsManager] Interface Microsoft Wi-Fi Direct Virtual Adapter #2:
2019-08-06 20:45:25.867+0000 INFO [o.n.k.i.DiagnosticsManager] Interface Microsoft Wi-Fi Direct Virtual Adapter #3:
2019-08-06 20:45:25.867+0000 INFO [o.n.k.i.DiagnosticsManager]     address: fe80:0:0:0:64c1:670e:edb3:ad41%wlan3
2019-08-06 20:45:25.867+0000 INFO [o.n.k.i.DiagnosticsManager] Interface WAN Miniport (IKEv2):
2019-08-06 20:45:25.867+0000 INFO [o.n.k.i.DiagnosticsManager] Interface VMware Virtual Ethernet Adapter for VMnet8:
2019-08-06 20:45:25.867+0000 INFO [o.n.k.i.DiagnosticsManager] Interface Microsoft Wi-Fi Direct Virtual Adapter #4:
2019-08-06 20:45:25.867+0000 INFO [o.n.k.i.DiagnosticsManager]     address: fe80:0:0:0:c9a8:cfe4:599a:70e2%wlan4
2019-08-06 20:45:25.867+0000 INFO [o.n.k.i.DiagnosticsManager] Interface WAN Miniport (PPPOE):
2019-08-06 20:45:25.867+0000 INFO [o.n.k.i.DiagnosticsManager] Interface Intel(R) Ethernet Connection (7) I219-LM-WFP Native MAC Layer LightWeight Filter-0000:
2019-08-06 20:45:25.868+0000 INFO [o.n.k.i.DiagnosticsManager] Interface Intel(R) Ethernet Connection (7) I219-LM-Intel(R) Technology Access Filter Driver-0000:
2019-08-06 20:45:25.868+0000 INFO [o.n.k.i.DiagnosticsManager] Interface Intel(R) Ethernet Connection (7) I219-LM-QoS Packet Scheduler-0000:
2019-08-06 20:45:25.868+0000 INFO [o.n.k.i.DiagnosticsManager] Interface Intel(R) Ethernet Connection (7) I219-LM-WFP 802.3 MAC Layer LightWeight Filter-0000:
2019-08-06 20:45:25.868+0000 INFO [o.n.k.i.DiagnosticsManager] Interface Intel(R) Wireless-AC 9560-WFP Native MAC Layer LightWeight Filter-0000:
2019-08-06 20:45:25.868+0000 INFO [o.n.k.i.DiagnosticsManager] Interface Intel(R) Wireless-AC 9560-Virtual WiFi Filter Driver-0000:
2019-08-06 20:45:25.868+0000 INFO [o.n.k.i.DiagnosticsManager] Interface Intel(R) Wireless-AC 9560-Native WiFi Filter Driver-0000:
2019-08-06 20:45:25.868+0000 INFO [o.n.k.i.DiagnosticsManager] Interface Intel(R) Wireless-AC 9560-Intel(R) Technology Access Filter Driver-0000:
2019-08-06 20:45:25.868+0000 INFO [o.n.k.i.DiagnosticsManager] Interface Intel(R) Wireless-AC 9560-QoS Packet Scheduler-0000:
2019-08-06 20:45:25.868+0000 INFO [o.n.k.i.DiagnosticsManager] Interface Intel(R) Wireless-AC 9560-WFP 802.3 MAC Layer LightWeight Filter-0000:
2019-08-06 20:45:25.868+0000 INFO [o.n.k.i.DiagnosticsManager] Interface WAN Miniport (IP)-WFP Native MAC Layer LightWeight Filter-0000:
2019-08-06 20:45:25.869+0000 INFO [o.n.k.i.DiagnosticsManager] Interface WAN Miniport (IP)-Intel(R) Technology Access Filter Driver-0000:
2019-08-06 20:45:25.869+0000 INFO [o.n.k.i.DiagnosticsManager] Interface WAN Miniport (IP)-QoS Packet Scheduler-0000:
2019-08-06 20:45:25.869+0000 INFO [o.n.k.i.DiagnosticsManager] Interface WAN Miniport (IPv6)-WFP Native MAC Layer LightWeight Filter-0000:
2019-08-06 20:45:25.869+0000 INFO [o.n.k.i.DiagnosticsManager] Interface WAN Miniport (IPv6)-Intel(R) Technology Access Filter Driver-0000:
2019-08-06 20:45:25.869+0000 INFO [o.n.k.i.DiagnosticsManager] Interface WAN Miniport (IPv6)-QoS Packet Scheduler-0000:
2019-08-06 20:45:25.869+0000 INFO [o.n.k.i.DiagnosticsManager] Interface WAN Miniport (Network Monitor)-WFP Native MAC Layer LightWeight Filter-0000:
2019-08-06 20:45:25.869+0000 INFO [o.n.k.i.DiagnosticsManager] Interface WAN Miniport (Network Monitor)-Intel(R) Technology Access Filter Driver-0000:
2019-08-06 20:45:25.869+0000 INFO [o.n.k.i.DiagnosticsManager] Interface WAN Miniport (Network Monitor)-QoS Packet Scheduler-0000:
2019-08-06 20:45:25.870+0000 INFO [o.n.k.i.DiagnosticsManager] Interface Microsoft Wi-Fi Direct Virtual Adapter #3-WFP Native MAC Layer LightWeight Filter-0000:
2019-08-06 20:45:25.870+0000 INFO [o.n.k.i.DiagnosticsManager] Interface Microsoft Wi-Fi Direct Virtual Adapter #3-Native WiFi Filter Driver-0000:
2019-08-06 20:45:25.870+0000 INFO [o.n.k.i.DiagnosticsManager] Interface Microsoft Wi-Fi Direct Virtual Adapter #3-Intel(R) Technology Access Filter Driver-0000:
2019-08-06 20:45:25.870+0000 INFO [o.n.k.i.DiagnosticsManager] Interface Microsoft Wi-Fi Direct Virtual Adapter #3-QoS Packet Scheduler-0000:
2019-08-06 20:45:25.870+0000 INFO [o.n.k.i.DiagnosticsManager] Interface Microsoft Wi-Fi Direct Virtual Adapter #3-WFP 802.3 MAC Layer LightWeight Filter-0000:
2019-08-06 20:45:25.870+0000 INFO [o.n.k.i.DiagnosticsManager] Interface Microsoft Wi-Fi Direct Virtual Adapter #4-WFP Native MAC Layer LightWeight Filter-0000:
2019-08-06 20:45:25.870+0000 INFO [o.n.k.i.DiagnosticsManager] Interface Microsoft Wi-Fi Direct Virtual Adapter #4-Native WiFi Filter Driver-0000:
2019-08-06 20:45:25.870+0000 INFO [o.n.k.i.DiagnosticsManager] Interface Microsoft Wi-Fi Direct Virtual Adapter #4-Intel(R) Technology Access Filter Driver-0000:
2019-08-06 20:45:25.870+0000 INFO [o.n.k.i.DiagnosticsManager] Interface Microsoft Wi-Fi Direct Virtual Adapter #4-QoS Packet Scheduler-0000:
2019-08-06 20:45:25.870+0000 INFO [o.n.k.i.DiagnosticsManager] Interface Microsoft Wi-Fi Direct Virtual Adapter #4-WFP 802.3 MAC Layer LightWeight Filter-0000:
2019-08-06 20:45:25.871+0000 INFO [o.n.k.i.DiagnosticsManager] --- INITIALIZED diagnostics END ---
2019-08-06 20:45:26.316+0000 INFO [o.n.k.i.s.f.RecordFormatSelector] Selected format 'RecordFormat:StandardV3_4[v0.A.9]' for the new store
2019-08-06 20:45:27.444+0000 INFO [o.n.k.i.i.l.NativeLabelScanStore] No label index found, this might just be first use. Preparing to rebuild.
2019-08-06 20:45:27.522+0000 INFO [o.n.k.NeoStoreDataSource] Rotated to transaction log [D:\GitHub\Neo4J-Java-App\data\people\neostore.transaction.db.0] version=0, last transaction in previous log=1
2019-08-06 20:45:27.523+0000 INFO [o.n.k.NeoStoreDataSource] No commits found after last check point (which is at <no log position given>)
2019-08-06 20:45:27.539+0000 WARN [o.n.k.i.s.MetaDataStore] Missing counts store, rebuilding it.
2019-08-06 20:45:27.674+0000 WARN [o.n.k.i.s.MetaDataStore] Counts store rebuild completed.
2019-08-06 20:45:27.685+0000 INFO [o.n.k.i.i.l.NativeLabelScanStore] Rebuilding label index, this may take a while
2019-08-06 20:45:27.789+0000 INFO [o.n.k.i.i.l.NativeLabelScanStore] Label index rebuilt (roughly 0 nodes)
2019-08-06 20:45:27.838+0000 INFO [o.n.k.i.DatabaseHealth] Database health set to OK
2019-08-06 20:45:28.474+0000 INFO [o.n.k.AvailabilityGuard] Fulfilling of requirement makes database available: Database available
2019-08-06 20:45:28.476+0000 INFO [o.n.k.i.f.GraphDatabaseFacadeFactory] Database is now ready
2019-08-06 20:45:28.479+0000 INFO [o.n.k.i.DiagnosticsManager] --- STARTED diagnostics for KernelDiagnostics:Versions START ---
2019-08-06 20:45:28.480+0000 INFO [o.n.k.i.DiagnosticsManager] Graph Database: community single StoreId{creationTime=1565124326914, randomId=4234897373861705351, storeVersion=16094931155187206, upgradeTime=1565124326914, upgradeId=1}
2019-08-06 20:45:28.480+0000 INFO [o.n.k.i.DiagnosticsManager] Kernel version: 3.4.6,ff53003e8435935995de3a4aa337981c2609ca11
2019-08-06 20:45:28.480+0000 INFO [o.n.k.i.DiagnosticsManager] --- STARTED diagnostics for KernelDiagnostics:Versions END ---
2019-08-06 20:45:28.482+0000 INFO [o.n.k.i.DiagnosticsManager] --- STARTED diagnostics for NEO_STORE_VERSIONS START ---
2019-08-06 20:45:28.483+0000 INFO [o.n.k.i.DiagnosticsManager] Store versions:
2019-08-06 20:45:28.483+0000 INFO [o.n.k.i.DiagnosticsManager] Store versions:
2019-08-06 20:45:28.484+0000 INFO [o.n.k.i.DiagnosticsManager]   ArrayPropertyStore v0.A.9
2019-08-06 20:45:28.484+0000 INFO [o.n.k.i.DiagnosticsManager]   NodeStore v0.A.9
2019-08-06 20:45:28.485+0000 INFO [o.n.k.i.DiagnosticsManager]   StringPropertyStore v0.A.9
2019-08-06 20:45:28.485+0000 INFO [o.n.k.i.DiagnosticsManager]   PropertyIndexStore v0.A.9
2019-08-06 20:45:28.485+0000 INFO [o.n.k.i.DiagnosticsManager]   StringPropertyStore v0.A.9
2019-08-06 20:45:28.485+0000 INFO [o.n.k.i.DiagnosticsManager]   ArrayPropertyStore v0.A.9
2019-08-06 20:45:28.485+0000 INFO [o.n.k.i.DiagnosticsManager]   PropertyStore v0.A.9
2019-08-06 20:45:28.486+0000 INFO [o.n.k.i.DiagnosticsManager]   RelationshipStore v0.A.9
2019-08-06 20:45:28.486+0000 INFO [o.n.k.i.DiagnosticsManager]   StringPropertyStore v0.A.9
2019-08-06 20:45:28.486+0000 INFO [o.n.k.i.DiagnosticsManager]   RelationshipTypeStore v0.A.9
2019-08-06 20:45:28.487+0000 INFO [o.n.k.i.DiagnosticsManager]   StringPropertyStore v0.A.9
2019-08-06 20:45:28.487+0000 INFO [o.n.k.i.DiagnosticsManager]   LabelTokenStore v0.A.9
2019-08-06 20:45:28.487+0000 INFO [o.n.k.i.DiagnosticsManager]   SchemaStore v0.A.9
2019-08-06 20:45:28.487+0000 INFO [o.n.k.i.DiagnosticsManager]   RelationshipGroupStore v0.A.9
2019-08-06 20:45:28.488+0000 INFO [o.n.k.i.DiagnosticsManager]   NeoStore v0.A.9
2019-08-06 20:45:28.488+0000 INFO [o.n.k.i.DiagnosticsManager] --- STARTED diagnostics for NEO_STORE_VERSIONS END ---
2019-08-06 20:45:28.488+0000 INFO [o.n.k.i.DiagnosticsManager] --- STARTED diagnostics for NEO_STORE_ID_USAGE START ---
2019-08-06 20:45:28.488+0000 INFO [o.n.k.i.DiagnosticsManager] Id usage:
2019-08-06 20:45:28.489+0000 INFO [o.n.k.i.DiagnosticsManager] Id usage:
2019-08-06 20:45:28.490+0000 INFO [o.n.k.i.DiagnosticsManager]   ArrayPropertyStore: used=1 high=0
2019-08-06 20:45:28.490+0000 INFO [o.n.k.i.DiagnosticsManager]   NodeStore: used=0 high=-1
2019-08-06 20:45:28.491+0000 INFO [o.n.k.i.DiagnosticsManager]   StringPropertyStore: used=1 high=0
2019-08-06 20:45:28.491+0000 INFO [o.n.k.i.DiagnosticsManager]   PropertyIndexStore: used=0 high=-1
2019-08-06 20:45:28.491+0000 INFO [o.n.k.i.DiagnosticsManager]   StringPropertyStore: used=1 high=0
2019-08-06 20:45:28.491+0000 INFO [o.n.k.i.DiagnosticsManager]   ArrayPropertyStore: used=1 high=0
2019-08-06 20:45:28.492+0000 INFO [o.n.k.i.DiagnosticsManager]   PropertyStore: used=0 high=-1
2019-08-06 20:45:28.492+0000 INFO [o.n.k.i.DiagnosticsManager]   RelationshipStore: used=0 high=-1
2019-08-06 20:45:28.492+0000 INFO [o.n.k.i.DiagnosticsManager]   StringPropertyStore: used=1 high=0
2019-08-06 20:45:28.493+0000 INFO [o.n.k.i.DiagnosticsManager]   RelationshipTypeStore: used=0 high=-1
2019-08-06 20:45:28.493+0000 INFO [o.n.k.i.DiagnosticsManager]   StringPropertyStore: used=1 high=0
2019-08-06 20:45:28.493+0000 INFO [o.n.k.i.DiagnosticsManager]   LabelTokenStore: used=0 high=-1
2019-08-06 20:45:28.493+0000 INFO [o.n.k.i.DiagnosticsManager]   SchemaStore: used=1 high=0
2019-08-06 20:45:28.494+0000 INFO [o.n.k.i.DiagnosticsManager]   RelationshipGroupStore: used=1 high=0
2019-08-06 20:45:28.494+0000 INFO [o.n.k.i.DiagnosticsManager]   NeoStore: used=15 high=14
2019-08-06 20:45:28.494+0000 INFO [o.n.k.i.DiagnosticsManager] --- STARTED diagnostics for NEO_STORE_ID_USAGE END ---
2019-08-06 20:45:28.494+0000 INFO [o.n.k.i.DiagnosticsManager] --- STARTED diagnostics for NEO_STORE_RECORDS START ---
2019-08-06 20:45:28.494+0000 INFO [o.n.k.i.DiagnosticsManager] Neostore records:
2019-08-06 20:45:28.495+0000 INFO [o.n.k.i.DiagnosticsManager] TIME (Creation time): 1565124326914
2019-08-06 20:45:28.495+0000 INFO [o.n.k.i.DiagnosticsManager] RANDOM_NUMBER (Random number for store id): 4234897373861705351
2019-08-06 20:45:28.495+0000 INFO [o.n.k.i.DiagnosticsManager] LOG_VERSION (Current log version): 0
2019-08-06 20:45:28.495+0000 INFO [o.n.k.i.DiagnosticsManager] LAST_TRANSACTION_ID (Last committed transaction): 1
2019-08-06 20:45:28.495+0000 INFO [o.n.k.i.DiagnosticsManager] STORE_VERSION (Store format version): 16094931155187206
2019-08-06 20:45:28.495+0000 INFO [o.n.k.i.DiagnosticsManager] FIRST_GRAPH_PROPERTY (First property record containing graph properties): -1
2019-08-06 20:45:28.495+0000 INFO [o.n.k.i.DiagnosticsManager] LAST_CONSTRAINT_TRANSACTION (Last committed transaction containing constraint changes): 0
2019-08-06 20:45:28.495+0000 INFO [o.n.k.i.DiagnosticsManager] UPGRADE_TRANSACTION_ID (Transaction id most recent upgrade was performed at): 1
2019-08-06 20:45:28.495+0000 INFO [o.n.k.i.DiagnosticsManager] UPGRADE_TIME (Time of last upgrade): 1565124326914
2019-08-06 20:45:28.495+0000 INFO [o.n.k.i.DiagnosticsManager] LAST_TRANSACTION_CHECKSUM (Checksum of last committed transaction): 0
2019-08-06 20:45:28.495+0000 INFO [o.n.k.i.DiagnosticsManager] UPGRADE_TRANSACTION_CHECKSUM (Checksum of transaction id the most recent upgrade was performed at): 0
2019-08-06 20:45:28.496+0000 INFO [o.n.k.i.DiagnosticsManager] LAST_CLOSED_TRANSACTION_LOG_VERSION (Log version where the last transaction commit entry has been written into): 0
2019-08-06 20:45:28.496+0000 INFO [o.n.k.i.DiagnosticsManager] LAST_CLOSED_TRANSACTION_LOG_BYTE_OFFSET (Byte offset in the log file where the last transaction commit entry has been written into): 16
2019-08-06 20:45:28.496+0000 INFO [o.n.k.i.DiagnosticsManager] LAST_TRANSACTION_COMMIT_TIMESTAMP (Commit time timestamp for last committed transaction): 0
2019-08-06 20:45:28.496+0000 INFO [o.n.k.i.DiagnosticsManager] UPGRADE_TRANSACTION_COMMIT_TIMESTAMP (Commit timestamp of transaction the most recent upgrade was performed at): 0
2019-08-06 20:45:28.496+0000 INFO [o.n.k.i.DiagnosticsManager] --- STARTED diagnostics for NEO_STORE_RECORDS END ---
2019-08-06 20:45:28.496+0000 INFO [o.n.k.i.DiagnosticsManager] --- STARTED diagnostics for TRANSACTION_RANGE START ---
2019-08-06 20:45:28.496+0000 INFO [o.n.k.i.DiagnosticsManager] Transaction log:
2019-08-06 20:45:28.497+0000 INFO [o.n.k.i.DiagnosticsManager] No transactions found in any log
2019-08-06 20:45:28.497+0000 INFO [o.n.k.i.DiagnosticsManager] --- STARTED diagnostics for TRANSACTION_RANGE END ---
2019-08-06 20:45:28.510+0000 INFO [o.n.k.i.DiagnosticsManager] --- STARTED diagnostics for KernelDiagnostics:StoreFiles START ---
2019-08-06 20:45:28.512+0000 INFO [o.n.k.i.DiagnosticsManager] Disk space on partition (Total / Free / Free %): 104856547328 / 36217856000 / 34
2019-08-06 20:45:28.513+0000 INFO [o.n.k.i.DiagnosticsManager] Storage files: (filename : modification date - size)
2019-08-06 20:45:28.513+0000 INFO [o.n.k.i.DiagnosticsManager]   index:
2019-08-06 20:45:28.514+0000 INFO [o.n.k.i.DiagnosticsManager]   - Total: 2019-08-06T14:45:27-0600 - 0.00 B
2019-08-06 20:45:28.514+0000 INFO [o.n.k.i.DiagnosticsManager]   logs:
2019-08-06 20:45:28.516+0000 INFO [o.n.k.i.DiagnosticsManager]     debug.log: 2019-08-06T14:45:28-0600 - 62.99 kB
2019-08-06 20:45:28.516+0000 INFO [o.n.k.i.DiagnosticsManager]   - Total: 2019-08-06T14:45:23-0600 - 62.99 kB
2019-08-06 20:45:28.516+0000 INFO [o.n.k.i.DiagnosticsManager]   neostore: 2019-08-06T14:45:27-0600 - 8.00 kB
2019-08-06 20:45:28.517+0000 INFO [o.n.k.i.DiagnosticsManager]   neostore.counts.db.a: 2019-08-06T14:45:27-0600 - 96.00 B
2019-08-06 20:45:28.519+0000 INFO [o.n.k.i.DiagnosticsManager]   neostore.id: 2019-08-06T14:45:27-0600 - 9.00 B
2019-08-06 20:45:28.521+0000 INFO [o.n.k.i.DiagnosticsManager]   neostore.labelscanstore.db: 2019-08-06T14:45:27-0600 - 40.00 kB
2019-08-06 20:45:28.523+0000 INFO [o.n.k.i.DiagnosticsManager]   neostore.labeltokenstore.db: 2019-08-06T14:45:26-0600 - 0.00 B
2019-08-06 20:45:28.525+0000 INFO [o.n.k.i.DiagnosticsManager]   neostore.labeltokenstore.db.id: 2019-08-06T14:45:26-0600 - 9.00 B
2019-08-06 20:45:28.526+0000 INFO [o.n.k.i.DiagnosticsManager]   neostore.labeltokenstore.db.names: 2019-08-06T14:45:26-0600 - 8.00 kB
2019-08-06 20:45:28.529+0000 INFO [o.n.k.i.DiagnosticsManager]   neostore.labeltokenstore.db.names.id: 2019-08-06T14:45:26-0600 - 9.00 B
2019-08-06 20:45:28.534+0000 INFO [o.n.k.i.DiagnosticsManager]   neostore.nodestore.db: 2019-08-06T14:45:26-0600 - 0.00 B
2019-08-06 20:45:28.534+0000 INFO [o.n.k.i.DiagnosticsManager]   neostore.nodestore.db.id: 2019-08-06T14:45:26-0600 - 9.00 B
2019-08-06 20:45:28.535+0000 INFO [o.n.k.i.DiagnosticsManager]   neostore.nodestore.db.labels: 2019-08-06T14:45:26-0600 - 8.00 kB
2019-08-06 20:45:28.535+0000 INFO [o.n.k.i.DiagnosticsManager]   neostore.nodestore.db.labels.id: 2019-08-06T14:45:26-0600 - 9.00 B
2019-08-06 20:45:28.535+0000 INFO [o.n.k.i.DiagnosticsManager]   neostore.propertystore.db: 2019-08-06T14:45:26-0600 - 0.00 B
2019-08-06 20:45:28.536+0000 INFO [o.n.k.i.DiagnosticsManager]   neostore.propertystore.db.arrays: 2019-08-06T14:45:26-0600 - 8.00 kB
2019-08-06 20:45:28.536+0000 INFO [o.n.k.i.DiagnosticsManager]   neostore.propertystore.db.arrays.id: 2019-08-06T14:45:26-0600 - 9.00 B
2019-08-06 20:45:28.537+0000 INFO [o.n.k.i.DiagnosticsManager]   neostore.propertystore.db.id: 2019-08-06T14:45:26-0600 - 9.00 B
2019-08-06 20:45:28.537+0000 INFO [o.n.k.i.DiagnosticsManager]   neostore.propertystore.db.index: 2019-08-06T14:45:26-0600 - 0.00 B
2019-08-06 20:45:28.538+0000 INFO [o.n.k.i.DiagnosticsManager]   neostore.propertystore.db.index.id: 2019-08-06T14:45:26-0600 - 9.00 B
2019-08-06 20:45:28.538+0000 INFO [o.n.k.i.DiagnosticsManager]   neostore.propertystore.db.index.keys: 2019-08-06T14:45:26-0600 - 8.00 kB
2019-08-06 20:45:28.538+0000 INFO [o.n.k.i.DiagnosticsManager]   neostore.propertystore.db.index.keys.id: 2019-08-06T14:45:26-0600 - 9.00 B
2019-08-06 20:45:28.538+0000 INFO [o.n.k.i.DiagnosticsManager]   neostore.propertystore.db.strings: 2019-08-06T14:45:26-0600 - 8.00 kB
2019-08-06 20:45:28.539+0000 INFO [o.n.k.i.DiagnosticsManager]   neostore.propertystore.db.strings.id: 2019-08-06T14:45:26-0600 - 9.00 B
2019-08-06 20:45:28.540+0000 INFO [o.n.k.i.DiagnosticsManager]   neostore.relationshipgroupstore.db: 2019-08-06T14:45:26-0600 - 8.00 kB
2019-08-06 20:45:28.540+0000 INFO [o.n.k.i.DiagnosticsManager]   neostore.relationshipgroupstore.db.id: 2019-08-06T14:45:26-0600 - 9.00 B
2019-08-06 20:45:28.541+0000 INFO [o.n.k.i.DiagnosticsManager]   neostore.relationshipstore.db: 2019-08-06T14:45:26-0600 - 0.00 B
2019-08-06 20:45:28.542+0000 INFO [o.n.k.i.DiagnosticsManager]   neostore.relationshipstore.db.id: 2019-08-06T14:45:26-0600 - 9.00 B
2019-08-06 20:45:28.542+0000 INFO [o.n.k.i.DiagnosticsManager]   neostore.relationshiptypestore.db: 2019-08-06T14:45:26-0600 - 0.00 B
2019-08-06 20:45:28.543+0000 INFO [o.n.k.i.DiagnosticsManager]   neostore.relationshiptypestore.db.id: 2019-08-06T14:45:26-0600 - 9.00 B
2019-08-06 20:45:28.543+0000 INFO [o.n.k.i.DiagnosticsManager]   neostore.relationshiptypestore.db.names: 2019-08-06T14:45:26-0600 - 8.00 kB
2019-08-06 20:45:28.543+0000 INFO [o.n.k.i.DiagnosticsManager]   neostore.relationshiptypestore.db.names.id: 2019-08-06T14:45:26-0600 - 9.00 B
2019-08-06 20:45:28.544+0000 INFO [o.n.k.i.DiagnosticsManager]   neostore.schemastore.db: 2019-08-06T14:45:26-0600 - 8.00 kB
2019-08-06 20:45:28.544+0000 INFO [o.n.k.i.DiagnosticsManager]   neostore.schemastore.db.id: 2019-08-06T14:45:26-0600 - 9.00 B
2019-08-06 20:45:28.545+0000 INFO [o.n.k.i.DiagnosticsManager]   neostore.transaction.db.0: 2019-08-06T14:45:27-0600 - 16.00 B
2019-08-06 20:45:28.545+0000 INFO [o.n.k.i.DiagnosticsManager]   store_lock: 2019-08-06T14:45:26-0600 - 0.00 B
2019-08-06 20:45:28.545+0000 INFO [o.n.k.i.DiagnosticsManager] Storage summary: 
2019-08-06 20:45:28.545+0000 INFO [o.n.k.i.DiagnosticsManager]   Total size of store: 175.23 kB
2019-08-06 20:45:28.545+0000 INFO [o.n.k.i.DiagnosticsManager]   Total size of mapped files: 112.00 kB
2019-08-06 20:45:28.545+0000 INFO [o.n.k.i.DiagnosticsManager] --- STARTED diagnostics for KernelDiagnostics:StoreFiles END ---
2019-08-06 21:12:27.965+0000 INFO [o.n.k.i.t.l.c.CheckPointerImpl] Checkpoint triggered by scheduler for time threshold @ txId: 8 checkpoint started...
2019-08-06 21:12:27.983+0000 INFO [o.n.k.i.s.c.CountsTracker] Rotated counts store at transaction 8 to [D:\GitHub\Neo4J-Java-App\data\people\neostore.counts.db.b], from [D:\GitHub\Neo4J-Java-App\data\people\neostore.counts.db.a].
2019-08-06 21:12:28.005+0000 INFO [o.n.k.i.t.l.c.CheckPointerImpl] Checkpoint triggered by scheduler for time threshold @ txId: 8 checkpoint completed in 40ms
2019-08-06 21:12:28.006+0000 INFO [o.n.k.i.t.l.p.LogPruningImpl] No log version pruned, last checkpoint was made in version 0
